(env) thedead@maccos 01 - 1-wire % python3 1-wire.py wss://signals.holidayhackchallenge.com/wire/dq -t 20 -v 
2025-12-14 22:59:14 | DEBUG    | 1-wire.py | main | Log mode set to: DEBUG
2025-12-14 22:59:14 | INFO     | 1-wire.py | getBusMessages | Connecting to websocket wss://signals.holidayhackchallenge.com/wire/dq
2025-12-14 22:59:15 | INFO     | 1-wire.py | getBusMessages | Receiving messages
2025-12-14 22:59:15 | DEBUG    | 1-wire.py | getBusMessages | {"type":"welcome","wire":"dq","message":"Connected to dq wire. Broadcasting continuously every 2000ms..."}
2025-12-14 22:59:15 | DEBUG    | 1-wire.py | getBusMessages | {"line":"dq","t":0,"v":1,"marker":"idle"}
2025-12-14 22:59:15 | DEBUG    | 1-wire.py | getBusMessages | {"line":"dq","t":1,"v":0,"marker":"reset"}
2025-12-14 22:59:15 | DEBUG    | 1-wire.py | getBusMessages | {"line":"dq","t":481,"v":1}
2025-12-14 22:59:15 | DEBUG    | 1-wire.py | getBusMessages | {"line":"dq","t":551,"v":0,"marker":"presence"}
2025-12-14 22:59:15 | DEBUG    | 1-wire.py | getBusMessages | {"line":"dq","t":701,"v":1}
2025-12-14 22:59:15 | DEBUG    | 1-wire.py | getBusMessages | {"line":"dq","t":941,"v":0}
2025-12-14 22:59:15 | DEBUG    | 1-wire.py | getBusMessages | {"line":"dq","t":1001,"v":1}
2025-12-14 22:59:15 | DEBUG    | 1-wire.py | getBusMessages | {"line":"dq","t":1011,"v":0}
2025-12-14 22:59:15 | DEBUG    | 1-wire.py | getBusMessages | {"line":"dq","t":1071,"v":1}
2025-12-14 22:59:15 | DEBUG    | 1-wire.py | getBusMessages | {"line":"dq","t":1081,"v":0}
2025-12-14 22:59:15 | DEBUG    | 1-wire.py | getBusMessages | {"line":"dq","t":1087,"v":1}
2025-12-14 22:59:15 | DEBUG    | 1-wire.py | getBusMessages | {"line":"dq","t":1151,"v":0}
2025-12-14 22:59:15 | DEBUG    | 1-wire.py | getBusMessages | {"line":"dq","t":1157,"v":1}
2025-12-14 22:59:15 | DEBUG    | 1-wire.py | getBusMessages | {"line":"dq","t":1221,"v":0}
2025-12-14 22:59:15 | DEBUG    | 1-wire.py | getBusMessages | {"line":"dq","t":1281,"v":1}
2025-12-14 22:59:15 | DEBUG    | 1-wire.py | getBusMessages | {"line":"dq","t":1291,"v":0}
2025-12-14 22:59:15 | DEBUG    | 1-wire.py | getBusMessages | {"line":"dq","t":1351,"v":1}
2025-12-14 22:59:15 | DEBUG    | 1-wire.py | getBusMessages | {"line":"dq","t":1361,"v":0}
2025-12-14 22:59:15 | DEBUG    | 1-wire.py | getBusMessages | {"line":"dq","t":1367,"v":1}
2025-12-14 22:59:15 | DEBUG    | 1-wire.py | getBusMessages | {"line":"dq","t":1431,"v":0}
2025-12-14 22:59:15 | DEBUG    | 1-wire.py | getBusMessages | {"line":"dq","t":1437,"v":1}
2025-12-14 22:59:15 | DEBUG    | 1-wire.py | getBusMessages | {"line":"dq","t":1501,"v":0}
2025-12-14 22:59:15 | DEBUG    | 1-wire.py | getBusMessages | {"line":"dq","t":1561,"v":1}
2025-12-14 22:59:15 | DEBUG    | 1-wire.py | getBusMessages | {"line":"dq","t":1571,"v":0}
2025-12-14 22:59:15 | DEBUG    | 1-wire.py | getBusMessages | {"line":"dq","t":1577,"v":1}
2025-12-14 22:59:15 | DEBUG    | 1-wire.py | getBusMessages | {"line":"dq","t":1641,"v":0}
2025-12-14 22:59:15 | DEBUG    | 1-wire.py | getBusMessages | {"line":"dq","t":1701,"v":1}
2025-12-14 22:59:15 | DEBUG    | 1-wire.py | getBusMessages | {"line":"dq","t":1711,"v":0}
2025-12-14 22:59:15 | DEBUG    | 1-wire.py | getBusMessages | {"line":"dq","t":1771,"v":1}
2025-12-14 22:59:15 | DEBUG    | 1-wire.py | getBusMessages | {"line":"dq","t":1781,"v":0}
2025-12-14 22:59:15 | DEBUG    | 1-wire.py | getBusMessages | {"line":"dq","t":1787,"v":1}
2025-12-14 22:59:15 | DEBUG    | 1-wire.py | getBusMessages | {"line":"dq","t":1851,"v":0}
2025-12-14 22:59:15 | DEBUG    | 1-wire.py | getBusMessages | {"line":"dq","t":1857,"v":1}
2025-12-14 22:59:15 | DEBUG    | 1-wire.py | getBusMessages | {"line":"dq","t":1921,"v":0}
2025-12-14 22:59:15 | DEBUG    | 1-wire.py | getBusMessages | {"line":"dq","t":1927,"v":1}
2025-12-14 22:59:15 | DEBUG    | 1-wire.py | getBusMessages | {"line":"dq","t":1991,"v":0}
2025-12-14 22:59:15 | DEBUG    | 1-wire.py | getBusMessages | {"line":"dq","t":2051,"v":1}
2025-12-14 22:59:15 | DEBUG    | 1-wire.py | getBusMessages | {"line":"dq","t":2061,"v":0}
2025-12-14 22:59:15 | DEBUG    | 1-wire.py | getBusMessages | {"line":"dq","t":2067,"v":1}
2025-12-14 22:59:15 | DEBUG    | 1-wire.py | getBusMessages | {"line":"dq","t":2131,"v":0}
2025-12-14 22:59:15 | DEBUG    | 1-wire.py | getBusMessages | {"line":"dq","t":2191,"v":1}
2025-12-14 22:59:15 | DEBUG    | 1-wire.py | getBusMessages | {"line":"dq","t":2201,"v":0}
2025-12-14 22:59:15 | DEBUG    | 1-wire.py | getBusMessages | {"line":"dq","t":2207,"v":1}
2025-12-14 22:59:15 | DEBUG    | 1-wire.py | getBusMessages | {"line":"dq","t":2271,"v":0}
2025-12-14 22:59:15 | DEBUG    | 1-wire.py | getBusMessages | {"line":"dq","t":2331,"v":1}
2025-12-14 22:59:15 | DEBUG    | 1-wire.py | getBusMessages | {"line":"dq","t":2341,"v":0}
2025-12-14 22:59:15 | DEBUG    | 1-wire.py | getBusMessages | {"line":"dq","t":2401,"v":1}
2025-12-14 22:59:15 | DEBUG    | 1-wire.py | getBusMessages | {"line":"dq","t":2411,"v":0}
2025-12-14 22:59:15 | DEBUG    | 1-wire.py | getBusMessages | {"line":"dq","t":2417,"v":1}
2025-12-14 22:59:15 | DEBUG    | 1-wire.py | getBusMessages | {"line":"dq","t":2481,"v":0}
2025-12-14 22:59:15 | DEBUG    | 1-wire.py | getBusMessages | {"line":"dq","t":2487,"v":1}
2025-12-14 22:59:15 | DEBUG    | 1-wire.py | getBusMessages | {"line":"dq","t":2551,"v":0}
2025-12-14 22:59:15 | DEBUG    | 1-wire.py | getBusMessages | {"line":"dq","t":2611,"v":1}
2025-12-14 22:59:15 | DEBUG    | 1-wire.py | getBusMessages | {"line":"dq","t":2621,"v":0}
2025-12-14 22:59:15 | DEBUG    | 1-wire.py | getBusMessages | {"line":"dq","t":2627,"v":1}
2025-12-14 22:59:15 | DEBUG    | 1-wire.py | getBusMessages | {"line":"dq","t":2691,"v":0}
2025-12-14 22:59:15 | DEBUG    | 1-wire.py | getBusMessages | {"line":"dq","t":2751,"v":1}
2025-12-14 22:59:15 | DEBUG    | 1-wire.py | getBusMessages | {"line":"dq","t":2761,"v":0}
2025-12-14 22:59:15 | DEBUG    | 1-wire.py | getBusMessages | {"line":"dq","t":2821,"v":1}
2025-12-14 22:59:15 | DEBUG    | 1-wire.py | getBusMessages | {"line":"dq","t":2831,"v":0}
2025-12-14 22:59:15 | DEBUG    | 1-wire.py | getBusMessages | {"line":"dq","t":2891,"v":1}
2025-12-14 22:59:15 | DEBUG    | 1-wire.py | getBusMessages | {"line":"dq","t":2901,"v":0}
2025-12-14 22:59:15 | DEBUG    | 1-wire.py | getBusMessages | {"line":"dq","t":2961,"v":1}
2025-12-14 22:59:15 | DEBUG    | 1-wire.py | getBusMessages | {"line":"dq","t":2971,"v":0}
2025-12-14 22:59:15 | DEBUG    | 1-wire.py | getBusMessages | {"line":"dq","t":2977,"v":1}
2025-12-14 22:59:15 | DEBUG    | 1-wire.py | getBusMessages | {"line":"dq","t":3041,"v":0}
2025-12-14 22:59:15 | DEBUG    | 1-wire.py | getBusMessages | {"line":"dq","t":3047,"v":1}
2025-12-14 22:59:15 | DEBUG    | 1-wire.py | getBusMessages | {"line":"dq","t":3111,"v":0}
2025-12-14 22:59:15 | DEBUG    | 1-wire.py | getBusMessages | {"line":"dq","t":3171,"v":1}
2025-12-14 22:59:15 | DEBUG    | 1-wire.py | getBusMessages | {"line":"dq","t":3181,"v":0}
2025-12-14 22:59:15 | DEBUG    | 1-wire.py | getBusMessages | {"line":"dq","t":3241,"v":1}
2025-12-14 22:59:15 | DEBUG    | 1-wire.py | getBusMessages | {"line":"dq","t":3251,"v":0}
2025-12-14 22:59:15 | DEBUG    | 1-wire.py | getBusMessages | {"line":"dq","t":3311,"v":1}
2025-12-14 22:59:15 | DEBUG    | 1-wire.py | getBusMessages | {"line":"dq","t":3321,"v":0}
2025-12-14 22:59:15 | DEBUG    | 1-wire.py | getBusMessages | {"line":"dq","t":3327,"v":1}
2025-12-14 22:59:15 | DEBUG    | 1-wire.py | getBusMessages | {"line":"dq","t":3391,"v":0}
2025-12-14 22:59:15 | DEBUG    | 1-wire.py | getBusMessages | {"line":"dq","t":3451,"v":1}
2025-12-14 22:59:15 | DEBUG    | 1-wire.py | getBusMessages | {"line":"dq","t":3461,"v":0}
2025-12-14 22:59:15 | DEBUG    | 1-wire.py | getBusMessages | {"line":"dq","t":3521,"v":1}
2025-12-14 22:59:15 | DEBUG    | 1-wire.py | getBusMessages | {"line":"dq","t":3531,"v":0}
2025-12-14 22:59:15 | DEBUG    | 1-wire.py | getBusMessages | {"line":"dq","t":3537,"v":1}
2025-12-14 22:59:15 | DEBUG    | 1-wire.py | getBusMessages | {"line":"dq","t":3601,"v":0}
2025-12-14 22:59:15 | DEBUG    | 1-wire.py | getBusMessages | {"line":"dq","t":3607,"v":1}
2025-12-14 22:59:15 | DEBUG    | 1-wire.py | getBusMessages | {"line":"dq","t":3671,"v":0}
2025-12-14 22:59:15 | DEBUG    | 1-wire.py | getBusMessages | {"line":"dq","t":3731,"v":1}
2025-12-14 22:59:15 | DEBUG    | 1-wire.py | getBusMessages | {"line":"dq","t":3741,"v":0}
2025-12-14 22:59:15 | DEBUG    | 1-wire.py | getBusMessages | {"line":"dq","t":3801,"v":1}
2025-12-14 22:59:15 | DEBUG    | 1-wire.py | getBusMessages | {"line":"dq","t":3811,"v":0}
2025-12-14 22:59:15 | DEBUG    | 1-wire.py | getBusMessages | {"line":"dq","t":3871,"v":1}
2025-12-14 22:59:15 | DEBUG    | 1-wire.py | getBusMessages | {"line":"dq","t":3881,"v":0}
2025-12-14 22:59:15 | DEBUG    | 1-wire.py | getBusMessages | {"line":"dq","t":3941,"v":1}
2025-12-14 22:59:15 | DEBUG    | 1-wire.py | getBusMessages | {"line":"dq","t":3951,"v":0}
2025-12-14 22:59:15 | DEBUG    | 1-wire.py | getBusMessages | {"line":"dq","t":4011,"v":1}
2025-12-14 22:59:15 | DEBUG    | 1-wire.py | getBusMessages | {"line":"dq","t":4021,"v":0}
2025-12-14 22:59:15 | DEBUG    | 1-wire.py | getBusMessages | {"line":"dq","t":4081,"v":1}
2025-12-14 22:59:15 | DEBUG    | 1-wire.py | getBusMessages | {"line":"dq","t":4091,"v":0}
2025-12-14 22:59:15 | DEBUG    | 1-wire.py | getBusMessages | {"line":"dq","t":4097,"v":1}
2025-12-14 22:59:15 | DEBUG    | 1-wire.py | getBusMessages | {"line":"dq","t":4161,"v":0}
2025-12-14 22:59:15 | DEBUG    | 1-wire.py | getBusMessages | {"line":"dq","t":4221,"v":1}
2025-12-14 22:59:15 | DEBUG    | 1-wire.py | getBusMessages | {"line":"dq","t":4231,"v":0}
2025-12-14 22:59:15 | DEBUG    | 1-wire.py | getBusMessages | {"line":"dq","t":4291,"v":1}
2025-12-14 22:59:15 | DEBUG    | 1-wire.py | getBusMessages | {"line":"dq","t":4301,"v":0}
2025-12-14 22:59:15 | DEBUG    | 1-wire.py | getBusMessages | {"line":"dq","t":4307,"v":1}
2025-12-14 22:59:15 | DEBUG    | 1-wire.py | getBusMessages | {"line":"dq","t":4371,"v":0}
2025-12-14 22:59:15 | DEBUG    | 1-wire.py | getBusMessages | {"line":"dq","t":4431,"v":1}
2025-12-14 22:59:15 | DEBUG    | 1-wire.py | getBusMessages | {"line":"dq","t":4441,"v":0}
2025-12-14 22:59:15 | DEBUG    | 1-wire.py | getBusMessages | {"line":"dq","t":4501,"v":1}
2025-12-14 22:59:15 | DEBUG    | 1-wire.py | getBusMessages | {"line":"dq","t":4511,"v":0}
2025-12-14 22:59:15 | DEBUG    | 1-wire.py | getBusMessages | {"line":"dq","t":4571,"v":1}
2025-12-14 22:59:15 | DEBUG    | 1-wire.py | getBusMessages | {"line":"dq","t":4581,"v":0}
2025-12-14 22:59:15 | DEBUG    | 1-wire.py | getBusMessages | {"line":"dq","t":4641,"v":1}
2025-12-14 22:59:15 | DEBUG    | 1-wire.py | getBusMessages | {"line":"dq","t":4651,"v":0}
2025-12-14 22:59:15 | DEBUG    | 1-wire.py | getBusMessages | {"line":"dq","t":4657,"v":1}
2025-12-14 22:59:15 | DEBUG    | 1-wire.py | getBusMessages | {"line":"dq","t":4721,"v":0}
2025-12-14 22:59:15 | DEBUG    | 1-wire.py | getBusMessages | {"line":"dq","t":4727,"v":1}
2025-12-14 22:59:15 | DEBUG    | 1-wire.py | getBusMessages | {"line":"dq","t":4791,"v":0}
2025-12-14 22:59:15 | DEBUG    | 1-wire.py | getBusMessages | {"line":"dq","t":4851,"v":1}
2025-12-14 22:59:15 | DEBUG    | 1-wire.py | getBusMessages | {"line":"dq","t":4861,"v":0}
2025-12-14 22:59:15 | DEBUG    | 1-wire.py | getBusMessages | {"line":"dq","t":4921,"v":1}
2025-12-14 22:59:15 | DEBUG    | 1-wire.py | getBusMessages | {"line":"dq","t":4931,"v":0}
2025-12-14 22:59:15 | DEBUG    | 1-wire.py | getBusMessages | {"line":"dq","t":4937,"v":1}
2025-12-14 22:59:15 | DEBUG    | 1-wire.py | getBusMessages | {"line":"dq","t":5001,"v":0}
2025-12-14 22:59:15 | DEBUG    | 1-wire.py | getBusMessages | {"line":"dq","t":5007,"v":1}
2025-12-14 22:59:15 | DEBUG    | 1-wire.py | getBusMessages | {"line":"dq","t":5071,"v":0}
2025-12-14 22:59:15 | DEBUG    | 1-wire.py | getBusMessages | {"line":"dq","t":5077,"v":1}
2025-12-14 22:59:15 | DEBUG    | 1-wire.py | getBusMessages | {"line":"dq","t":5141,"v":0}
2025-12-14 22:59:15 | DEBUG    | 1-wire.py | getBusMessages | {"line":"dq","t":5201,"v":1}
2025-12-14 22:59:15 | DEBUG    | 1-wire.py | getBusMessages | {"line":"dq","t":5211,"v":0}
2025-12-14 22:59:15 | DEBUG    | 1-wire.py | getBusMessages | {"line":"dq","t":5217,"v":1}
2025-12-14 22:59:15 | DEBUG    | 1-wire.py | getBusMessages | {"line":"dq","t":5281,"v":0}
2025-12-14 22:59:15 | DEBUG    | 1-wire.py | getBusMessages | {"line":"dq","t":5287,"v":1}
2025-12-14 22:59:15 | DEBUG    | 1-wire.py | getBusMessages | {"line":"dq","t":5351,"v":0}
2025-12-14 22:59:15 | DEBUG    | 1-wire.py | getBusMessages | {"line":"dq","t":5411,"v":1}
2025-12-14 22:59:15 | DEBUG    | 1-wire.py | getBusMessages | {"line":"dq","t":5421,"v":0}
2025-12-14 22:59:15 | DEBUG    | 1-wire.py | getBusMessages | {"line":"dq","t":5481,"v":1}
2025-12-14 22:59:15 | DEBUG    | 1-wire.py | getBusMessages | {"line":"dq","t":5491,"v":0}
2025-12-14 22:59:15 | DEBUG    | 1-wire.py | getBusMessages | {"line":"dq","t":5551,"v":1}
2025-12-14 22:59:15 | DEBUG    | 1-wire.py | getBusMessages | {"line":"dq","t":5561,"v":0}
2025-12-14 22:59:15 | DEBUG    | 1-wire.py | getBusMessages | {"line":"dq","t":5567,"v":1}
2025-12-14 22:59:15 | DEBUG    | 1-wire.py | getBusMessages | {"line":"dq","t":5631,"v":0}
2025-12-14 22:59:15 | DEBUG    | 1-wire.py | getBusMessages | {"line":"dq","t":5691,"v":1}
2025-12-14 22:59:15 | DEBUG    | 1-wire.py | getBusMessages | {"line":"dq","t":5701,"v":0}
2025-12-14 22:59:15 | DEBUG    | 1-wire.py | getBusMessages | {"line":"dq","t":5761,"v":1}
2025-12-14 22:59:15 | DEBUG    | 1-wire.py | getBusMessages | {"line":"dq","t":5771,"v":0}
2025-12-14 22:59:15 | DEBUG    | 1-wire.py | getBusMessages | {"line":"dq","t":5777,"v":1}
2025-12-14 22:59:15 | DEBUG    | 1-wire.py | getBusMessages | {"line":"dq","t":5841,"v":0}
2025-12-14 22:59:15 | DEBUG    | 1-wire.py | getBusMessages | {"line":"dq","t":5847,"v":1}
2025-12-14 22:59:15 | DEBUG    | 1-wire.py | getBusMessages | {"line":"dq","t":5911,"v":0}
2025-12-14 22:59:15 | DEBUG    | 1-wire.py | getBusMessages | {"line":"dq","t":5971,"v":1}
2025-12-14 22:59:15 | DEBUG    | 1-wire.py | getBusMessages | {"line":"dq","t":5981,"v":0}
2025-12-14 22:59:15 | DEBUG    | 1-wire.py | getBusMessages | {"line":"dq","t":6041,"v":1}
2025-12-14 22:59:15 | DEBUG    | 1-wire.py | getBusMessages | {"line":"dq","t":6051,"v":0}
2025-12-14 22:59:15 | DEBUG    | 1-wire.py | getBusMessages | {"line":"dq","t":6111,"v":1}
2025-12-14 22:59:15 | DEBUG    | 1-wire.py | getBusMessages | {"line":"dq","t":6121,"v":0}
2025-12-14 22:59:15 | DEBUG    | 1-wire.py | getBusMessages | {"line":"dq","t":6181,"v":1}
2025-12-14 22:59:15 | DEBUG    | 1-wire.py | getBusMessages | {"line":"dq","t":6191,"v":0}
2025-12-14 22:59:15 | DEBUG    | 1-wire.py | getBusMessages | {"line":"dq","t":6251,"v":1}
2025-12-14 22:59:15 | DEBUG    | 1-wire.py | getBusMessages | {"line":"dq","t":6261,"v":0}
2025-12-14 22:59:15 | DEBUG    | 1-wire.py | getBusMessages | {"line":"dq","t":6321,"v":1}
2025-12-14 22:59:15 | DEBUG    | 1-wire.py | getBusMessages | {"line":"dq","t":6331,"v":0}
2025-12-14 22:59:15 | DEBUG    | 1-wire.py | getBusMessages | {"line":"dq","t":6337,"v":1}
2025-12-14 22:59:15 | DEBUG    | 1-wire.py | getBusMessages | {"line":"dq","t":6401,"v":0}
2025-12-14 22:59:15 | DEBUG    | 1-wire.py | getBusMessages | {"line":"dq","t":6461,"v":1}
2025-12-14 22:59:15 | DEBUG    | 1-wire.py | getBusMessages | {"line":"dq","t":6471,"v":0}
2025-12-14 22:59:15 | DEBUG    | 1-wire.py | getBusMessages | {"line":"dq","t":6531,"v":1}
2025-12-14 22:59:15 | DEBUG    | 1-wire.py | getBusMessages | {"line":"dq","t":6541,"v":0}
2025-12-14 22:59:15 | DEBUG    | 1-wire.py | getBusMessages | {"line":"dq","t":6601,"v":1}
2025-12-14 22:59:15 | DEBUG    | 1-wire.py | getBusMessages | {"line":"dq","t":6611,"v":0}
2025-12-14 22:59:15 | DEBUG    | 1-wire.py | getBusMessages | {"line":"dq","t":6671,"v":1}
2025-12-14 22:59:15 | DEBUG    | 1-wire.py | getBusMessages | {"line":"dq","t":6681,"v":0}
2025-12-14 22:59:15 | DEBUG    | 1-wire.py | getBusMessages | {"line":"dq","t":6687,"v":1}
2025-12-14 22:59:15 | DEBUG    | 1-wire.py | getBusMessages | {"line":"dq","t":6751,"v":0}
2025-12-14 22:59:15 | DEBUG    | 1-wire.py | getBusMessages | {"line":"dq","t":6811,"v":1}
2025-12-14 22:59:15 | DEBUG    | 1-wire.py | getBusMessages | {"line":"dq","t":6821,"v":0}
2025-12-14 22:59:15 | DEBUG    | 1-wire.py | getBusMessages | {"line":"dq","t":6881,"v":1}
2025-12-14 22:59:15 | DEBUG    | 1-wire.py | getBusMessages | {"line":"dq","t":6891,"v":0}
2025-12-14 22:59:15 | DEBUG    | 1-wire.py | getBusMessages | {"line":"dq","t":6897,"v":1}
2025-12-14 22:59:15 | DEBUG    | 1-wire.py | getBusMessages | {"line":"dq","t":6961,"v":0}
2025-12-14 22:59:15 | DEBUG    | 1-wire.py | getBusMessages | {"line":"dq","t":6967,"v":1}
2025-12-14 22:59:15 | DEBUG    | 1-wire.py | getBusMessages | {"line":"dq","t":7031,"v":0}
2025-12-14 22:59:15 | DEBUG    | 1-wire.py | getBusMessages | {"line":"dq","t":7091,"v":1}
2025-12-14 22:59:15 | DEBUG    | 1-wire.py | getBusMessages | {"line":"dq","t":7101,"v":0}
2025-12-14 22:59:15 | DEBUG    | 1-wire.py | getBusMessages | {"line":"dq","t":7107,"v":1}
2025-12-14 22:59:15 | DEBUG    | 1-wire.py | getBusMessages | {"line":"dq","t":7171,"v":0}
2025-12-14 22:59:15 | DEBUG    | 1-wire.py | getBusMessages | {"line":"dq","t":7231,"v":1}
2025-12-14 22:59:15 | DEBUG    | 1-wire.py | getBusMessages | {"line":"dq","t":7241,"v":0}
2025-12-14 22:59:15 | DEBUG    | 1-wire.py | getBusMessages | {"line":"dq","t":7247,"v":1}
2025-12-14 22:59:15 | DEBUG    | 1-wire.py | getBusMessages | {"line":"dq","t":7311,"v":0}
2025-12-14 22:59:15 | DEBUG    | 1-wire.py | getBusMessages | {"line":"dq","t":7371,"v":1}
2025-12-14 22:59:15 | DEBUG    | 1-wire.py | getBusMessages | {"line":"dq","t":7381,"v":0}
2025-12-14 22:59:15 | DEBUG    | 1-wire.py | getBusMessages | {"line":"dq","t":7441,"v":1}
2025-12-14 22:59:15 | DEBUG    | 1-wire.py | getBusMessages | {"line":"dq","t":7451,"v":0}
2025-12-14 22:59:15 | DEBUG    | 1-wire.py | getBusMessages | {"line":"dq","t":7457,"v":1}
2025-12-14 22:59:15 | DEBUG    | 1-wire.py | getBusMessages | {"line":"dq","t":7521,"v":0}
2025-12-14 22:59:15 | DEBUG    | 1-wire.py | getBusMessages | {"line":"dq","t":7527,"v":1}
2025-12-14 22:59:15 | DEBUG    | 1-wire.py | getBusMessages | {"line":"dq","t":7591,"v":0}
2025-12-14 22:59:15 | DEBUG    | 1-wire.py | getBusMessages | {"line":"dq","t":7651,"v":1}
2025-12-14 22:59:15 | DEBUG    | 1-wire.py | getBusMessages | {"line":"dq","t":7661,"v":0}
2025-12-14 22:59:15 | DEBUG    | 1-wire.py | getBusMessages | {"line":"dq","t":7667,"v":1}
2025-12-14 22:59:15 | DEBUG    | 1-wire.py | getBusMessages | {"line":"dq","t":7731,"v":0}
2025-12-14 22:59:15 | DEBUG    | 1-wire.py | getBusMessages | {"line":"dq","t":7737,"v":1}
2025-12-14 22:59:15 | DEBUG    | 1-wire.py | getBusMessages | {"line":"dq","t":7801,"v":0}
2025-12-14 22:59:15 | DEBUG    | 1-wire.py | getBusMessages | {"line":"dq","t":7861,"v":1}
2025-12-14 22:59:15 | DEBUG    | 1-wire.py | getBusMessages | {"line":"dq","t":7871,"v":0}
2025-12-14 22:59:15 | DEBUG    | 1-wire.py | getBusMessages | {"line":"dq","t":7931,"v":1}
2025-12-14 22:59:15 | DEBUG    | 1-wire.py | getBusMessages | {"line":"dq","t":7941,"v":0}
2025-12-14 22:59:15 | DEBUG    | 1-wire.py | getBusMessages | {"line":"dq","t":8001,"v":1}
2025-12-14 22:59:15 | DEBUG    | 1-wire.py | getBusMessages | {"line":"dq","t":8011,"v":0}
2025-12-14 22:59:15 | DEBUG    | 1-wire.py | getBusMessages | {"line":"dq","t":8017,"v":1}
2025-12-14 22:59:15 | DEBUG    | 1-wire.py | getBusMessages | {"line":"dq","t":8081,"v":0}
2025-12-14 22:59:15 | DEBUG    | 1-wire.py | getBusMessages | {"line":"dq","t":8087,"v":1}
2025-12-14 22:59:15 | DEBUG    | 1-wire.py | getBusMessages | {"line":"dq","t":8151,"v":0}
2025-12-14 22:59:15 | DEBUG    | 1-wire.py | getBusMessages | {"line":"dq","t":8211,"v":1}
2025-12-14 22:59:15 | DEBUG    | 1-wire.py | getBusMessages | {"line":"dq","t":8221,"v":0}
2025-12-14 22:59:15 | DEBUG    | 1-wire.py | getBusMessages | {"line":"dq","t":8281,"v":1}
2025-12-14 22:59:15 | DEBUG    | 1-wire.py | getBusMessages | {"line":"dq","t":8291,"v":0}
2025-12-14 22:59:15 | DEBUG    | 1-wire.py | getBusMessages | {"line":"dq","t":8297,"v":1}
2025-12-14 22:59:15 | DEBUG    | 1-wire.py | getBusMessages | {"line":"dq","t":8361,"v":0}
2025-12-14 22:59:15 | DEBUG    | 1-wire.py | getBusMessages | {"line":"dq","t":8421,"v":1}
2025-12-14 22:59:15 | DEBUG    | 1-wire.py | getBusMessages | {"line":"dq","t":8431,"v":0}
2025-12-14 22:59:15 | DEBUG    | 1-wire.py | getBusMessages | {"line":"dq","t":8491,"v":1}
2025-12-14 22:59:15 | DEBUG    | 1-wire.py | getBusMessages | {"line":"dq","t":8501,"v":0}
2025-12-14 22:59:15 | DEBUG    | 1-wire.py | getBusMessages | {"line":"dq","t":8507,"v":1}
2025-12-14 22:59:15 | DEBUG    | 1-wire.py | getBusMessages | {"line":"dq","t":8571,"v":0}
2025-12-14 22:59:15 | DEBUG    | 1-wire.py | getBusMessages | {"line":"dq","t":8577,"v":1}
2025-12-14 22:59:15 | DEBUG    | 1-wire.py | getBusMessages | {"line":"dq","t":8641,"v":0}
2025-12-14 22:59:15 | DEBUG    | 1-wire.py | getBusMessages | {"line":"dq","t":8647,"v":1}
2025-12-14 22:59:15 | DEBUG    | 1-wire.py | getBusMessages | {"line":"dq","t":8711,"v":0}
2025-12-14 22:59:15 | DEBUG    | 1-wire.py | getBusMessages | {"line":"dq","t":8771,"v":1}
2025-12-14 22:59:15 | DEBUG    | 1-wire.py | getBusMessages | {"line":"dq","t":8781,"v":0}
2025-12-14 22:59:15 | DEBUG    | 1-wire.py | getBusMessages | {"line":"dq","t":8787,"v":1}
2025-12-14 22:59:15 | DEBUG    | 1-wire.py | getBusMessages | {"line":"dq","t":8851,"v":0}
2025-12-14 22:59:15 | DEBUG    | 1-wire.py | getBusMessages | {"line":"dq","t":8911,"v":1}
2025-12-14 22:59:15 | DEBUG    | 1-wire.py | getBusMessages | {"line":"dq","t":8921,"v":0}
2025-12-14 22:59:15 | DEBUG    | 1-wire.py | getBusMessages | {"line":"dq","t":8981,"v":1}
2025-12-14 22:59:15 | DEBUG    | 1-wire.py | getBusMessages | {"line":"dq","t":8991,"v":0}
2025-12-14 22:59:15 | DEBUG    | 1-wire.py | getBusMessages | {"line":"dq","t":8997,"v":1}
2025-12-14 22:59:15 | DEBUG    | 1-wire.py | getBusMessages | {"line":"dq","t":9061,"v":0}
2025-12-14 22:59:15 | DEBUG    | 1-wire.py | getBusMessages | {"line":"dq","t":9067,"v":1}
2025-12-14 22:59:15 | DEBUG    | 1-wire.py | getBusMessages | {"line":"dq","t":9131,"v":0}
2025-12-14 22:59:15 | DEBUG    | 1-wire.py | getBusMessages | {"line":"dq","t":9137,"v":1}
2025-12-14 22:59:15 | DEBUG    | 1-wire.py | getBusMessages | {"line":"dq","t":9201,"v":0}
2025-12-14 22:59:15 | DEBUG    | 1-wire.py | getBusMessages | {"line":"dq","t":9207,"v":1}
2025-12-14 22:59:15 | DEBUG    | 1-wire.py | getBusMessages | {"line":"dq","t":9271,"v":0}
2025-12-14 22:59:15 | DEBUG    | 1-wire.py | getBusMessages | {"line":"dq","t":9331,"v":1}
2025-12-14 22:59:15 | DEBUG    | 1-wire.py | getBusMessages | {"line":"dq","t":9341,"v":0}
2025-12-14 22:59:15 | DEBUG    | 1-wire.py | getBusMessages | {"line":"dq","t":9401,"v":1}
2025-12-14 22:59:15 | DEBUG    | 1-wire.py | getBusMessages | {"line":"dq","t":9411,"v":0}
2025-12-14 22:59:15 | DEBUG    | 1-wire.py | getBusMessages | {"line":"dq","t":9471,"v":1}
2025-12-14 22:59:15 | DEBUG    | 1-wire.py | getBusMessages | {"line":"dq","t":9481,"v":0}
2025-12-14 22:59:15 | DEBUG    | 1-wire.py | getBusMessages | {"line":"dq","t":9541,"v":1}
2025-12-14 22:59:15 | DEBUG    | 1-wire.py | getBusMessages | {"line":"dq","t":9551,"v":0}
2025-12-14 22:59:15 | DEBUG    | 1-wire.py | getBusMessages | {"line":"dq","t":9611,"v":1}
2025-12-14 22:59:15 | DEBUG    | 1-wire.py | getBusMessages | {"line":"dq","t":9621,"v":0}
2025-12-14 22:59:15 | DEBUG    | 1-wire.py | getBusMessages | {"line":"dq","t":9627,"v":1}
2025-12-14 22:59:15 | DEBUG    | 1-wire.py | getBusMessages | {"line":"dq","t":9691,"v":0}
2025-12-14 22:59:15 | DEBUG    | 1-wire.py | getBusMessages | {"line":"dq","t":9697,"v":1}
2025-12-14 22:59:15 | DEBUG    | 1-wire.py | getBusMessages | {"line":"dq","t":9761,"v":0}
2025-12-14 22:59:15 | DEBUG    | 1-wire.py | getBusMessages | {"line":"dq","t":9767,"v":1}
2025-12-14 22:59:15 | DEBUG    | 1-wire.py | getBusMessages | {"line":"dq","t":9831,"v":0}
2025-12-14 22:59:15 | DEBUG    | 1-wire.py | getBusMessages | {"line":"dq","t":9891,"v":1}
2025-12-14 22:59:15 | DEBUG    | 1-wire.py | getBusMessages | {"line":"dq","t":9901,"v":0}
2025-12-14 22:59:15 | DEBUG    | 1-wire.py | getBusMessages | {"line":"dq","t":9961,"v":1}
2025-12-14 22:59:15 | DEBUG    | 1-wire.py | getBusMessages | {"line":"dq","t":9971,"v":0}
2025-12-14 22:59:15 | DEBUG    | 1-wire.py | getBusMessages | {"line":"dq","t":10031,"v":1}
2025-12-14 22:59:15 | DEBUG    | 1-wire.py | getBusMessages | {"line":"dq","t":10041,"v":0}
2025-12-14 22:59:15 | DEBUG    | 1-wire.py | getBusMessages | {"line":"dq","t":10047,"v":1}
2025-12-14 22:59:15 | DEBUG    | 1-wire.py | getBusMessages | {"line":"dq","t":10111,"v":0}
2025-12-14 22:59:15 | DEBUG    | 1-wire.py | getBusMessages | {"line":"dq","t":10171,"v":1}
2025-12-14 22:59:15 | DEBUG    | 1-wire.py | getBusMessages | {"line":"dq","t":10181,"v":0}
2025-12-14 22:59:15 | DEBUG    | 1-wire.py | getBusMessages | {"line":"dq","t":10187,"v":1}
2025-12-14 22:59:15 | DEBUG    | 1-wire.py | getBusMessages | {"line":"dq","t":10251,"v":0}
2025-12-14 22:59:15 | DEBUG    | 1-wire.py | getBusMessages | {"line":"dq","t":10257,"v":1}
2025-12-14 22:59:15 | DEBUG    | 1-wire.py | getBusMessages | {"line":"dq","t":10321,"v":0}
2025-12-14 22:59:15 | DEBUG    | 1-wire.py | getBusMessages | {"line":"dq","t":10327,"v":1}
2025-12-14 22:59:15 | DEBUG    | 1-wire.py | getBusMessages | {"line":"dq","t":10391,"v":0}
2025-12-14 22:59:15 | DEBUG    | 1-wire.py | getBusMessages | {"line":"dq","t":10451,"v":1}
2025-12-14 22:59:15 | DEBUG    | 1-wire.py | getBusMessages | {"line":"dq","t":10461,"v":0}
2025-12-14 22:59:15 | DEBUG    | 1-wire.py | getBusMessages | {"line":"dq","t":10521,"v":1}
2025-12-14 22:59:15 | DEBUG    | 1-wire.py | getBusMessages | {"line":"dq","t":10531,"v":0}
2025-12-14 22:59:15 | DEBUG    | 1-wire.py | getBusMessages | {"line":"dq","t":10591,"v":1}
2025-12-14 22:59:15 | DEBUG    | 1-wire.py | getBusMessages | {"line":"dq","t":10601,"v":0}
2025-12-14 22:59:15 | DEBUG    | 1-wire.py | getBusMessages | {"line":"dq","t":10661,"v":1}
2025-12-14 22:59:15 | DEBUG    | 1-wire.py | getBusMessages | {"line":"dq","t":10671,"v":0}
2025-12-14 22:59:15 | DEBUG    | 1-wire.py | getBusMessages | {"line":"dq","t":10731,"v":1}
2025-12-14 22:59:15 | DEBUG    | 1-wire.py | getBusMessages | {"line":"dq","t":10741,"v":0}
2025-12-14 22:59:15 | DEBUG    | 1-wire.py | getBusMessages | {"line":"dq","t":10801,"v":1}
2025-12-14 22:59:15 | DEBUG    | 1-wire.py | getBusMessages | {"line":"dq","t":10811,"v":0}
2025-12-14 22:59:15 | DEBUG    | 1-wire.py | getBusMessages | {"line":"dq","t":10817,"v":1}
2025-12-14 22:59:15 | DEBUG    | 1-wire.py | getBusMessages | {"line":"dq","t":10881,"v":0}
2025-12-14 22:59:15 | DEBUG    | 1-wire.py | getBusMessages | {"line":"dq","t":10941,"v":1}
2025-12-14 22:59:15 | DEBUG    | 1-wire.py | getBusMessages | {"line":"dq","t":10951,"v":0}
2025-12-14 22:59:15 | DEBUG    | 1-wire.py | getBusMessages | {"line":"dq","t":11011,"v":1}
2025-12-14 22:59:15 | DEBUG    | 1-wire.py | getBusMessages | {"line":"dq","t":11021,"v":0}
2025-12-14 22:59:15 | DEBUG    | 1-wire.py | getBusMessages | {"line":"dq","t":11081,"v":1}
2025-12-14 22:59:15 | DEBUG    | 1-wire.py | getBusMessages | {"line":"dq","t":11091,"v":0}
2025-12-14 22:59:15 | DEBUG    | 1-wire.py | getBusMessages | {"line":"dq","t":11151,"v":1}
2025-12-14 22:59:15 | DEBUG    | 1-wire.py | getBusMessages | {"line":"dq","t":11161,"v":0}
2025-12-14 22:59:15 | DEBUG    | 1-wire.py | getBusMessages | {"line":"dq","t":11167,"v":1}
2025-12-14 22:59:15 | DEBUG    | 1-wire.py | getBusMessages | {"line":"dq","t":11231,"v":0}
2025-12-14 22:59:15 | DEBUG    | 1-wire.py | getBusMessages | {"line":"dq","t":11291,"v":1}
2025-12-14 22:59:15 | DEBUG    | 1-wire.py | getBusMessages | {"line":"dq","t":11301,"v":0}
2025-12-14 22:59:15 | DEBUG    | 1-wire.py | getBusMessages | {"line":"dq","t":11307,"v":1}
2025-12-14 22:59:15 | DEBUG    | 1-wire.py | getBusMessages | {"line":"dq","t":11371,"v":0}
2025-12-14 22:59:15 | DEBUG    | 1-wire.py | getBusMessages | {"line":"dq","t":11377,"v":1}
2025-12-14 22:59:15 | DEBUG    | 1-wire.py | getBusMessages | {"line":"dq","t":11441,"v":0}
2025-12-14 22:59:15 | DEBUG    | 1-wire.py | getBusMessages | {"line":"dq","t":11447,"v":1}
2025-12-14 22:59:15 | DEBUG    | 1-wire.py | getBusMessages | {"line":"dq","t":11511,"v":0}
2025-12-14 22:59:15 | DEBUG    | 1-wire.py | getBusMessages | {"line":"dq","t":11571,"v":1}
2025-12-14 22:59:15 | DEBUG    | 1-wire.py | getBusMessages | {"line":"dq","t":11581,"v":0}
2025-12-14 22:59:15 | DEBUG    | 1-wire.py | getBusMessages | {"line":"dq","t":11641,"v":1}
2025-12-14 22:59:15 | DEBUG    | 1-wire.py | getBusMessages | {"line":"dq","t":11651,"v":0}
2025-12-14 22:59:15 | DEBUG    | 1-wire.py | getBusMessages | {"line":"dq","t":11711,"v":1}
2025-12-14 22:59:15 | DEBUG    | 1-wire.py | getBusMessages | {"line":"dq","t":11721,"v":0}
2025-12-14 22:59:15 | DEBUG    | 1-wire.py | getBusMessages | {"line":"dq","t":11781,"v":1}
2025-12-14 22:59:15 | DEBUG    | 1-wire.py | getBusMessages | {"line":"dq","t":11791,"v":0}
2025-12-14 22:59:15 | DEBUG    | 1-wire.py | getBusMessages | {"line":"dq","t":11797,"v":1}
2025-12-14 22:59:15 | DEBUG    | 1-wire.py | getBusMessages | {"line":"dq","t":11861,"v":0}
2025-12-14 22:59:15 | DEBUG    | 1-wire.py | getBusMessages | {"line":"dq","t":11921,"v":1}
2025-12-14 22:59:15 | DEBUG    | 1-wire.py | getBusMessages | {"line":"dq","t":11931,"v":0}
2025-12-14 22:59:15 | DEBUG    | 1-wire.py | getBusMessages | {"line":"dq","t":11937,"v":1}
2025-12-14 22:59:15 | DEBUG    | 1-wire.py | getBusMessages | {"line":"dq","t":12001,"v":0}
2025-12-14 22:59:15 | DEBUG    | 1-wire.py | getBusMessages | {"line":"dq","t":12007,"v":1}
2025-12-14 22:59:15 | DEBUG    | 1-wire.py | getBusMessages | {"line":"dq","t":12071,"v":0}
2025-12-14 22:59:15 | DEBUG    | 1-wire.py | getBusMessages | {"line":"dq","t":12131,"v":1}
2025-12-14 22:59:15 | DEBUG    | 1-wire.py | getBusMessages | {"line":"dq","t":12141,"v":0}
2025-12-14 22:59:15 | DEBUG    | 1-wire.py | getBusMessages | {"line":"dq","t":12147,"v":1}
2025-12-14 22:59:15 | DEBUG    | 1-wire.py | getBusMessages | {"line":"dq","t":12211,"v":0}
2025-12-14 22:59:15 | DEBUG    | 1-wire.py | getBusMessages | {"line":"dq","t":12271,"v":1}
2025-12-14 22:59:15 | DEBUG    | 1-wire.py | getBusMessages | {"line":"dq","t":12281,"v":0}
2025-12-14 22:59:15 | DEBUG    | 1-wire.py | getBusMessages | {"line":"dq","t":12287,"v":1}
2025-12-14 22:59:15 | DEBUG    | 1-wire.py | getBusMessages | {"line":"dq","t":12351,"v":0}
2025-12-14 22:59:15 | DEBUG    | 1-wire.py | getBusMessages | {"line":"dq","t":12411,"v":1}
2025-12-14 22:59:15 | DEBUG    | 1-wire.py | getBusMessages | {"line":"dq","t":12421,"v":0}
2025-12-14 22:59:15 | DEBUG    | 1-wire.py | getBusMessages | {"line":"dq","t":12481,"v":1}
2025-12-14 22:59:15 | DEBUG    | 1-wire.py | getBusMessages | {"line":"dq","t":12491,"v":0}
2025-12-14 22:59:15 | DEBUG    | 1-wire.py | getBusMessages | {"line":"dq","t":12497,"v":1}
2025-12-14 22:59:15 | DEBUG    | 1-wire.py | getBusMessages | {"line":"dq","t":12561,"v":0}
2025-12-14 22:59:15 | DEBUG    | 1-wire.py | getBusMessages | {"line":"dq","t":12567,"v":1}
2025-12-14 22:59:15 | DEBUG    | 1-wire.py | getBusMessages | {"line":"dq","t":12631,"v":0}
2025-12-14 22:59:15 | DEBUG    | 1-wire.py | getBusMessages | {"line":"dq","t":12691,"v":1}
2025-12-14 22:59:15 | DEBUG    | 1-wire.py | getBusMessages | {"line":"dq","t":12701,"v":0}
2025-12-14 22:59:15 | DEBUG    | 1-wire.py | getBusMessages | {"line":"dq","t":12761,"v":1}
2025-12-14 22:59:15 | DEBUG    | 1-wire.py | getBusMessages | {"line":"dq","t":12771,"v":0}
2025-12-14 22:59:15 | DEBUG    | 1-wire.py | getBusMessages | {"line":"dq","t":12831,"v":1}
2025-12-14 22:59:15 | DEBUG    | 1-wire.py | getBusMessages | {"line":"dq","t":12841,"v":0}
2025-12-14 22:59:15 | DEBUG    | 1-wire.py | getBusMessages | {"line":"dq","t":12901,"v":1}
2025-12-14 22:59:15 | DEBUG    | 1-wire.py | getBusMessages | {"line":"dq","t":12911,"v":0}
2025-12-14 22:59:15 | DEBUG    | 1-wire.py | getBusMessages | {"line":"dq","t":12971,"v":1}
2025-12-14 22:59:15 | DEBUG    | 1-wire.py | getBusMessages | {"line":"dq","t":12981,"v":0}
2025-12-14 22:59:15 | DEBUG    | 1-wire.py | getBusMessages | {"line":"dq","t":13041,"v":1}
2025-12-14 22:59:15 | DEBUG    | 1-wire.py | getBusMessages | {"line":"dq","t":13051,"v":0}
2025-12-14 22:59:15 | DEBUG    | 1-wire.py | getBusMessages | {"line":"dq","t":13057,"v":1}
2025-12-14 22:59:15 | DEBUG    | 1-wire.py | getBusMessages | {"line":"dq","t":13121,"v":0}
2025-12-14 22:59:15 | DEBUG    | 1-wire.py | getBusMessages | {"line":"dq","t":13181,"v":1}
2025-12-14 22:59:15 | DEBUG    | 1-wire.py | getBusMessages | {"line":"dq","t":13191,"v":0}
2025-12-14 22:59:15 | DEBUG    | 1-wire.py | getBusMessages | {"line":"dq","t":13251,"v":1}
2025-12-14 22:59:15 | DEBUG    | 1-wire.py | getBusMessages | {"line":"dq","t":13261,"v":0}
2025-12-14 22:59:15 | DEBUG    | 1-wire.py | getBusMessages | {"line":"dq","t":13267,"v":1}
2025-12-14 22:59:15 | DEBUG    | 1-wire.py | getBusMessages | {"line":"dq","t":13331,"v":0}
2025-12-14 22:59:15 | DEBUG    | 1-wire.py | getBusMessages | {"line":"dq","t":13337,"v":1}
2025-12-14 22:59:15 | DEBUG    | 1-wire.py | getBusMessages | {"line":"dq","t":13401,"v":0}
2025-12-14 22:59:15 | DEBUG    | 1-wire.py | getBusMessages | {"line":"dq","t":13461,"v":1}
2025-12-14 22:59:15 | DEBUG    | 1-wire.py | getBusMessages | {"line":"dq","t":13471,"v":0}
2025-12-14 22:59:15 | DEBUG    | 1-wire.py | getBusMessages | {"line":"dq","t":13531,"v":1}
2025-12-14 22:59:15 | DEBUG    | 1-wire.py | getBusMessages | {"line":"dq","t":13541,"v":0}
2025-12-14 22:59:15 | DEBUG    | 1-wire.py | getBusMessages | {"line":"dq","t":13547,"v":1}
2025-12-14 22:59:15 | DEBUG    | 1-wire.py | getBusMessages | {"line":"dq","t":13611,"v":0}
2025-12-14 22:59:15 | DEBUG    | 1-wire.py | getBusMessages | {"line":"dq","t":13671,"v":1}
2025-12-14 22:59:15 | DEBUG    | 1-wire.py | getBusMessages | {"line":"dq","t":13681,"v":0}
2025-12-14 22:59:15 | DEBUG    | 1-wire.py | getBusMessages | {"line":"dq","t":13687,"v":1}
2025-12-14 22:59:15 | DEBUG    | 1-wire.py | getBusMessages | {"line":"dq","t":13751,"v":0}
2025-12-14 22:59:15 | DEBUG    | 1-wire.py | getBusMessages | {"line":"dq","t":13811,"v":1}
2025-12-14 22:59:15 | DEBUG    | 1-wire.py | getBusMessages | {"line":"dq","t":13821,"v":0}
2025-12-14 22:59:15 | DEBUG    | 1-wire.py | getBusMessages | {"line":"dq","t":13881,"v":1}
2025-12-14 22:59:15 | DEBUG    | 1-wire.py | getBusMessages | {"line":"dq","t":13891,"v":0}
2025-12-14 22:59:15 | DEBUG    | 1-wire.py | getBusMessages | {"line":"dq","t":13951,"v":1}
2025-12-14 22:59:15 | DEBUG    | 1-wire.py | getBusMessages | {"line":"dq","t":13961,"v":0}
2025-12-14 22:59:15 | DEBUG    | 1-wire.py | getBusMessages | {"line":"dq","t":14021,"v":1}
2025-12-14 22:59:15 | DEBUG    | 1-wire.py | getBusMessages | {"line":"dq","t":14031,"v":0}
2025-12-14 22:59:15 | DEBUG    | 1-wire.py | getBusMessages | {"line":"dq","t":14091,"v":1}
2025-12-14 22:59:15 | DEBUG    | 1-wire.py | getBusMessages | {"line":"dq","t":14101,"v":0}
2025-12-14 22:59:15 | DEBUG    | 1-wire.py | getBusMessages | {"line":"dq","t":14107,"v":1}
2025-12-14 22:59:15 | DEBUG    | 1-wire.py | getBusMessages | {"line":"dq","t":14171,"v":0}
2025-12-14 22:59:15 | DEBUG    | 1-wire.py | getBusMessages | {"line":"dq","t":14231,"v":1}
2025-12-14 22:59:15 | DEBUG    | 1-wire.py | getBusMessages | {"line":"dq","t":14241,"v":0}
2025-12-14 22:59:15 | DEBUG    | 1-wire.py | getBusMessages | {"line":"dq","t":14247,"v":1}
2025-12-14 22:59:15 | DEBUG    | 1-wire.py | getBusMessages | {"line":"dq","t":14311,"v":0}
2025-12-14 22:59:15 | DEBUG    | 1-wire.py | getBusMessages | {"line":"dq","t":14371,"v":1}
2025-12-14 22:59:15 | DEBUG    | 1-wire.py | getBusMessages | {"line":"dq","t":14381,"v":0}
2025-12-14 22:59:15 | DEBUG    | 1-wire.py | getBusMessages | {"line":"dq","t":14387,"v":1}
2025-12-14 22:59:15 | DEBUG    | 1-wire.py | getBusMessages | {"line":"dq","t":14451,"v":0}
2025-12-14 22:59:15 | DEBUG    | 1-wire.py | getBusMessages | {"line":"dq","t":14511,"v":1}
2025-12-14 22:59:15 | DEBUG    | 1-wire.py | getBusMessages | {"line":"dq","t":14521,"v":0}
2025-12-14 22:59:15 | DEBUG    | 1-wire.py | getBusMessages | {"line":"dq","t":14581,"v":1}
2025-12-14 22:59:15 | DEBUG    | 1-wire.py | getBusMessages | {"line":"dq","t":14591,"v":0}
2025-12-14 22:59:15 | DEBUG    | 1-wire.py | getBusMessages | {"line":"dq","t":14597,"v":1}
2025-12-14 22:59:15 | DEBUG    | 1-wire.py | getBusMessages | {"line":"dq","t":14661,"v":0}
2025-12-14 22:59:15 | DEBUG    | 1-wire.py | getBusMessages | {"line":"dq","t":14721,"v":1}
2025-12-14 22:59:15 | DEBUG    | 1-wire.py | getBusMessages | {"line":"dq","t":14731,"v":0}
2025-12-14 22:59:15 | DEBUG    | 1-wire.py | getBusMessages | {"line":"dq","t":14791,"v":1}
2025-12-14 22:59:15 | DEBUG    | 1-wire.py | getBusMessages | {"line":"dq","t":14801,"v":0}
2025-12-14 22:59:15 | DEBUG    | 1-wire.py | getBusMessages | {"line":"dq","t":14807,"v":1}
2025-12-14 22:59:15 | DEBUG    | 1-wire.py | getBusMessages | {"line":"dq","t":14871,"v":0}
2025-12-14 22:59:15 | DEBUG    | 1-wire.py | getBusMessages | {"line":"dq","t":14931,"v":1}
2025-12-14 22:59:15 | DEBUG    | 1-wire.py | getBusMessages | {"line":"dq","t":14941,"v":0}
2025-12-14 22:59:15 | DEBUG    | 1-wire.py | getBusMessages | {"line":"dq","t":15001,"v":1}
2025-12-14 22:59:15 | DEBUG    | 1-wire.py | getBusMessages | {"line":"dq","t":15011,"v":0}
2025-12-14 22:59:15 | DEBUG    | 1-wire.py | getBusMessages | {"line":"dq","t":15071,"v":1}
2025-12-14 22:59:15 | DEBUG    | 1-wire.py | getBusMessages | {"line":"dq","t":15081,"v":0}
2025-12-14 22:59:15 | DEBUG    | 1-wire.py | getBusMessages | {"line":"dq","t":15141,"v":1}
2025-12-14 22:59:15 | DEBUG    | 1-wire.py | getBusMessages | {"line":"dq","t":15151,"v":0}
2025-12-14 22:59:15 | DEBUG    | 1-wire.py | getBusMessages | {"line":"dq","t":15211,"v":1}
2025-12-14 22:59:15 | DEBUG    | 1-wire.py | getBusMessages | {"line":"dq","t":15221,"v":0}
2025-12-14 22:59:15 | DEBUG    | 1-wire.py | getBusMessages | {"line":"dq","t":15281,"v":1}
2025-12-14 22:59:15 | DEBUG    | 1-wire.py | getBusMessages | {"line":"dq","t":15291,"v":0}
2025-12-14 22:59:15 | DEBUG    | 1-wire.py | getBusMessages | {"line":"dq","t":15297,"v":1}
2025-12-14 22:59:15 | DEBUG    | 1-wire.py | getBusMessages | {"line":"dq","t":15361,"v":0}
2025-12-14 22:59:15 | DEBUG    | 1-wire.py | getBusMessages | {"line":"dq","t":15421,"v":1}
2025-12-14 22:59:15 | DEBUG    | 1-wire.py | getBusMessages | {"line":"dq","t":15431,"v":0}
2025-12-14 22:59:15 | DEBUG    | 1-wire.py | getBusMessages | {"line":"dq","t":15491,"v":1}
2025-12-14 22:59:15 | DEBUG    | 1-wire.py | getBusMessages | {"line":"dq","t":15501,"v":0}
2025-12-14 22:59:15 | DEBUG    | 1-wire.py | getBusMessages | {"line":"dq","t":15561,"v":1}
2025-12-14 22:59:15 | DEBUG    | 1-wire.py | getBusMessages | {"line":"dq","t":15571,"v":0}
2025-12-14 22:59:15 | DEBUG    | 1-wire.py | getBusMessages | {"line":"dq","t":15577,"v":1}
2025-12-14 22:59:15 | DEBUG    | 1-wire.py | getBusMessages | {"line":"dq","t":15641,"v":0}
2025-12-14 22:59:15 | DEBUG    | 1-wire.py | getBusMessages | {"line":"dq","t":15701,"v":1}
2025-12-14 22:59:15 | DEBUG    | 1-wire.py | getBusMessages | {"line":"dq","t":15711,"v":0}
2025-12-14 22:59:15 | DEBUG    | 1-wire.py | getBusMessages | {"line":"dq","t":15771,"v":1}
2025-12-14 22:59:15 | DEBUG    | 1-wire.py | getBusMessages | {"line":"dq","t":15781,"v":0}
2025-12-14 22:59:15 | DEBUG    | 1-wire.py | getBusMessages | {"line":"dq","t":15841,"v":1}
2025-12-14 22:59:15 | DEBUG    | 1-wire.py | getBusMessages | {"line":"dq","t":15851,"v":0}
2025-12-14 22:59:15 | DEBUG    | 1-wire.py | getBusMessages | {"line":"dq","t":15857,"v":1}
2025-12-14 22:59:15 | DEBUG    | 1-wire.py | getBusMessages | {"line":"dq","t":15921,"v":0}
2025-12-14 22:59:15 | DEBUG    | 1-wire.py | getBusMessages | {"line":"dq","t":15927,"v":1}
2025-12-14 22:59:15 | DEBUG    | 1-wire.py | getBusMessages | {"line":"dq","t":15991,"v":0}
2025-12-14 22:59:15 | DEBUG    | 1-wire.py | getBusMessages | {"line":"dq","t":16051,"v":1}
2025-12-14 22:59:15 | DEBUG    | 1-wire.py | getBusMessages | {"line":"dq","t":16061,"v":0}
2025-12-14 22:59:15 | DEBUG    | 1-wire.py | getBusMessages | {"line":"dq","t":16067,"v":1}
2025-12-14 22:59:15 | DEBUG    | 1-wire.py | getBusMessages | {"line":"dq","t":16131,"v":0}
2025-12-14 22:59:15 | DEBUG    | 1-wire.py | getBusMessages | {"line":"dq","t":16191,"v":1}
2025-12-14 22:59:15 | DEBUG    | 1-wire.py | getBusMessages | {"line":"dq","t":16201,"v":0}
2025-12-14 22:59:15 | DEBUG    | 1-wire.py | getBusMessages | {"line":"dq","t":16207,"v":1}
2025-12-14 22:59:15 | DEBUG    | 1-wire.py | getBusMessages | {"line":"dq","t":16271,"v":0}
2025-12-14 22:59:15 | DEBUG    | 1-wire.py | getBusMessages | {"line":"dq","t":16331,"v":1}
2025-12-14 22:59:15 | DEBUG    | 1-wire.py | getBusMessages | {"line":"dq","t":16341,"v":0}
2025-12-14 22:59:15 | DEBUG    | 1-wire.py | getBusMessages | {"line":"dq","t":16347,"v":1}
2025-12-14 22:59:15 | DEBUG    | 1-wire.py | getBusMessages | {"line":"dq","t":16411,"v":0}
2025-12-14 22:59:15 | DEBUG    | 1-wire.py | getBusMessages | {"line":"dq","t":16417,"v":1}
2025-12-14 22:59:15 | DEBUG    | 1-wire.py | getBusMessages | {"line":"dq","t":16481,"v":0}
2025-12-14 22:59:15 | DEBUG    | 1-wire.py | getBusMessages | {"line":"dq","t":16487,"v":1}
2025-12-14 22:59:15 | DEBUG    | 1-wire.py | getBusMessages | {"line":"dq","t":16551,"v":0}
2025-12-14 22:59:15 | DEBUG    | 1-wire.py | getBusMessages | {"line":"dq","t":16611,"v":1}
2025-12-14 22:59:15 | DEBUG    | 1-wire.py | getBusMessages | {"line":"dq","t":16621,"v":0}
2025-12-14 22:59:15 | DEBUG    | 1-wire.py | getBusMessages | {"line":"dq","t":16627,"v":1}
2025-12-14 22:59:15 | DEBUG    | 1-wire.py | getBusMessages | {"line":"dq","t":16691,"v":0}
2025-12-14 22:59:15 | DEBUG    | 1-wire.py | getBusMessages | {"line":"dq","t":16697,"v":1}
2025-12-14 22:59:15 | DEBUG    | 1-wire.py | getBusMessages | {"line":"dq","t":16761,"v":0}
2025-12-14 22:59:15 | DEBUG    | 1-wire.py | getBusMessages | {"line":"dq","t":16821,"v":1}
2025-12-14 22:59:15 | DEBUG    | 1-wire.py | getBusMessages | {"line":"dq","t":16831,"v":0}
2025-12-14 22:59:15 | DEBUG    | 1-wire.py | getBusMessages | {"line":"dq","t":16891,"v":1}
2025-12-14 22:59:15 | DEBUG    | 1-wire.py | getBusMessages | {"line":"dq","t":16901,"v":0}
2025-12-14 22:59:15 | DEBUG    | 1-wire.py | getBusMessages | {"line":"dq","t":16907,"v":1}
2025-12-14 22:59:15 | DEBUG    | 1-wire.py | getBusMessages | {"line":"dq","t":16971,"v":0}
2025-12-14 22:59:15 | DEBUG    | 1-wire.py | getBusMessages | {"line":"dq","t":16977,"v":1}
2025-12-14 22:59:15 | DEBUG    | 1-wire.py | getBusMessages | {"line":"dq","t":17041,"v":0}
2025-12-14 22:59:15 | DEBUG    | 1-wire.py | getBusMessages | {"line":"dq","t":17047,"v":1}
2025-12-14 22:59:15 | DEBUG    | 1-wire.py | getBusMessages | {"line":"dq","t":17111,"v":0}
2025-12-14 22:59:15 | DEBUG    | 1-wire.py | getBusMessages | {"line":"dq","t":17171,"v":1}
2025-12-14 22:59:15 | DEBUG    | 1-wire.py | getBusMessages | {"line":"dq","t":17181,"v":0}
2025-12-14 22:59:15 | DEBUG    | 1-wire.py | getBusMessages | {"line":"dq","t":17241,"v":1}
2025-12-14 22:59:15 | DEBUG    | 1-wire.py | getBusMessages | {"line":"dq","t":17251,"v":0}
2025-12-14 22:59:15 | DEBUG    | 1-wire.py | getBusMessages | {"line":"dq","t":17311,"v":1}
2025-12-14 22:59:15 | DEBUG    | 1-wire.py | getBusMessages | {"line":"dq","t":17321,"v":0}
2025-12-14 22:59:15 | DEBUG    | 1-wire.py | getBusMessages | {"line":"dq","t":17381,"v":1}
2025-12-14 22:59:15 | DEBUG    | 1-wire.py | getBusMessages | {"line":"dq","t":17391,"v":0}
2025-12-14 22:59:15 | DEBUG    | 1-wire.py | getBusMessages | {"line":"dq","t":17451,"v":1}
2025-12-14 22:59:15 | DEBUG    | 1-wire.py | getBusMessages | {"line":"dq","t":17461,"v":0}
2025-12-14 22:59:15 | DEBUG    | 1-wire.py | getBusMessages | {"line":"dq","t":17521,"v":1}
2025-12-14 22:59:15 | DEBUG    | 1-wire.py | getBusMessages | {"line":"dq","t":17531,"v":0}
2025-12-14 22:59:15 | DEBUG    | 1-wire.py | getBusMessages | {"line":"dq","t":17537,"v":1}
2025-12-14 22:59:15 | DEBUG    | 1-wire.py | getBusMessages | {"line":"dq","t":17601,"v":0}
2025-12-14 22:59:15 | DEBUG    | 1-wire.py | getBusMessages | {"line":"dq","t":17661,"v":1}
2025-12-14 22:59:15 | DEBUG    | 1-wire.py | getBusMessages | {"line":"dq","t":17671,"v":0}
2025-12-14 22:59:15 | DEBUG    | 1-wire.py | getBusMessages | {"line":"dq","t":17731,"v":1}
2025-12-14 22:59:15 | DEBUG    | 1-wire.py | getBusMessages | {"line":"dq","t":17741,"v":0}
2025-12-14 22:59:15 | DEBUG    | 1-wire.py | getBusMessages | {"line":"dq","t":17801,"v":1}
2025-12-14 22:59:15 | DEBUG    | 1-wire.py | getBusMessages | {"line":"dq","t":17811,"v":0}
2025-12-14 22:59:15 | DEBUG    | 1-wire.py | getBusMessages | {"line":"dq","t":17871,"v":1}
2025-12-14 22:59:15 | DEBUG    | 1-wire.py | getBusMessages | {"line":"dq","t":17881,"v":0}
2025-12-14 22:59:15 | DEBUG    | 1-wire.py | getBusMessages | {"line":"dq","t":17887,"v":1}
2025-12-14 22:59:15 | DEBUG    | 1-wire.py | getBusMessages | {"line":"dq","t":17951,"v":0}
2025-12-14 22:59:15 | DEBUG    | 1-wire.py | getBusMessages | {"line":"dq","t":18011,"v":1}
2025-12-14 22:59:15 | DEBUG    | 1-wire.py | getBusMessages | {"line":"dq","t":18021,"v":0}
2025-12-14 22:59:15 | DEBUG    | 1-wire.py | getBusMessages | {"line":"dq","t":18081,"v":1}
2025-12-14 22:59:15 | DEBUG    | 1-wire.py | getBusMessages | {"line":"dq","t":18091,"v":0}
2025-12-14 22:59:15 | DEBUG    | 1-wire.py | getBusMessages | {"line":"dq","t":18097,"v":1}
2025-12-14 22:59:15 | DEBUG    | 1-wire.py | getBusMessages | {"line":"dq","t":18161,"v":0}
2025-12-14 22:59:15 | DEBUG    | 1-wire.py | getBusMessages | {"line":"dq","t":18167,"v":1}
2025-12-14 22:59:15 | DEBUG    | 1-wire.py | getBusMessages | {"line":"dq","t":18231,"v":0}
2025-12-14 22:59:15 | DEBUG    | 1-wire.py | getBusMessages | {"line":"dq","t":18291,"v":1}
2025-12-14 22:59:15 | DEBUG    | 1-wire.py | getBusMessages | {"line":"dq","t":18301,"v":0}
2025-12-14 22:59:15 | DEBUG    | 1-wire.py | getBusMessages | {"line":"dq","t":18307,"v":1}
2025-12-14 22:59:15 | DEBUG    | 1-wire.py | getBusMessages | {"line":"dq","t":18371,"v":0}
2025-12-14 22:59:15 | DEBUG    | 1-wire.py | getBusMessages | {"line":"dq","t":18431,"v":1}
2025-12-14 22:59:15 | DEBUG    | 1-wire.py | getBusMessages | {"line":"dq","t":18441,"v":0}
2025-12-14 22:59:15 | DEBUG    | 1-wire.py | getBusMessages | {"line":"dq","t":18501,"v":1}
2025-12-14 22:59:15 | DEBUG    | 1-wire.py | getBusMessages | {"line":"dq","t":18511,"v":0}
2025-12-14 22:59:15 | DEBUG    | 1-wire.py | getBusMessages | {"line":"dq","t":18571,"v":1}
2025-12-14 22:59:15 | DEBUG    | 1-wire.py | getBusMessages | {"line":"dq","t":18581,"v":0}
2025-12-14 22:59:15 | DEBUG    | 1-wire.py | getBusMessages | {"line":"dq","t":18641,"v":1}
2025-12-14 22:59:15 | DEBUG    | 1-wire.py | getBusMessages | {"line":"dq","t":18651,"v":0}
2025-12-14 22:59:15 | DEBUG    | 1-wire.py | getBusMessages | {"line":"dq","t":18657,"v":1}
2025-12-14 22:59:15 | DEBUG    | 1-wire.py | getBusMessages | {"line":"dq","t":18721,"v":0}
2025-12-14 22:59:15 | DEBUG    | 1-wire.py | getBusMessages | {"line":"dq","t":18727,"v":1}
2025-12-14 22:59:15 | DEBUG    | 1-wire.py | getBusMessages | {"line":"dq","t":18791,"v":0}
2025-12-14 22:59:15 | DEBUG    | 1-wire.py | getBusMessages | {"line":"dq","t":18851,"v":1}
2025-12-14 22:59:15 | DEBUG    | 1-wire.py | getBusMessages | {"line":"dq","t":18861,"v":0}
2025-12-14 22:59:15 | DEBUG    | 1-wire.py | getBusMessages | {"line":"dq","t":18921,"v":1}
2025-12-14 22:59:15 | DEBUG    | 1-wire.py | getBusMessages | {"line":"dq","t":18931,"v":0}
2025-12-14 22:59:15 | DEBUG    | 1-wire.py | getBusMessages | {"line":"dq","t":18991,"v":1}
2025-12-14 22:59:15 | DEBUG    | 1-wire.py | getBusMessages | {"line":"dq","t":19001,"v":0}
2025-12-14 22:59:15 | DEBUG    | 1-wire.py | getBusMessages | {"line":"dq","t":19007,"v":1}
2025-12-14 22:59:15 | DEBUG    | 1-wire.py | getBusMessages | {"line":"dq","t":19071,"v":0}
2025-12-14 22:59:15 | DEBUG    | 1-wire.py | getBusMessages | {"line":"dq","t":19131,"v":1}
2025-12-14 22:59:15 | DEBUG    | 1-wire.py | getBusMessages | {"line":"dq","t":19141,"v":0}
2025-12-14 22:59:15 | DEBUG    | 1-wire.py | getBusMessages | {"line":"dq","t":19147,"v":1}
2025-12-14 22:59:15 | DEBUG    | 1-wire.py | getBusMessages | {"line":"dq","t":19211,"v":0}
2025-12-14 22:59:15 | DEBUG    | 1-wire.py | getBusMessages | {"line":"dq","t":19217,"v":1}
2025-12-14 22:59:15 | DEBUG    | 1-wire.py | getBusMessages | {"line":"dq","t":19281,"v":0}
2025-12-14 22:59:15 | DEBUG    | 1-wire.py | getBusMessages | {"line":"dq","t":19287,"v":1}
2025-12-14 22:59:15 | DEBUG    | 1-wire.py | getBusMessages | {"line":"dq","t":19351,"v":0}
2025-12-14 22:59:15 | DEBUG    | 1-wire.py | getBusMessages | {"line":"dq","t":19411,"v":1}
2025-12-14 22:59:15 | DEBUG    | 1-wire.py | getBusMessages | {"line":"dq","t":19421,"v":0}
2025-12-14 22:59:15 | DEBUG    | 1-wire.py | getBusMessages | {"line":"dq","t":19427,"v":1}
2025-12-14 22:59:15 | DEBUG    | 1-wire.py | getBusMessages | {"line":"dq","t":19491,"v":0}
2025-12-14 22:59:15 | DEBUG    | 1-wire.py | getBusMessages | {"line":"dq","t":19551,"v":1}
2025-12-14 22:59:15 | DEBUG    | 1-wire.py | getBusMessages | {"line":"dq","t":19561,"v":0}
2025-12-14 22:59:15 | DEBUG    | 1-wire.py | getBusMessages | {"line":"dq","t":19621,"v":1}
2025-12-14 22:59:15 | DEBUG    | 1-wire.py | getBusMessages | {"line":"dq","t":19631,"v":0}
2025-12-14 22:59:15 | DEBUG    | 1-wire.py | getBusMessages | {"line":"dq","t":19691,"v":1}
2025-12-14 22:59:15 | DEBUG    | 1-wire.py | getBusMessages | {"line":"dq","t":19701,"v":0}
2025-12-14 22:59:15 | DEBUG    | 1-wire.py | getBusMessages | {"line":"dq","t":19761,"v":1}
2025-12-14 22:59:15 | DEBUG    | 1-wire.py | getBusMessages | {"line":"dq","t":19771,"v":0}
2025-12-14 22:59:15 | DEBUG    | 1-wire.py | getBusMessages | {"line":"dq","t":19777,"v":1}
2025-12-14 22:59:15 | DEBUG    | 1-wire.py | getBusMessages | {"line":"dq","t":19841,"v":0}
2025-12-14 22:59:15 | DEBUG    | 1-wire.py | getBusMessages | {"line":"dq","t":19847,"v":1}
2025-12-14 22:59:15 | DEBUG    | 1-wire.py | getBusMessages | {"line":"dq","t":19911,"v":0}
2025-12-14 22:59:15 | DEBUG    | 1-wire.py | getBusMessages | {"line":"dq","t":19971,"v":1}
2025-12-14 22:59:15 | DEBUG    | 1-wire.py | getBusMessages | {"line":"dq","t":19981,"v":0}
2025-12-14 22:59:15 | DEBUG    | 1-wire.py | getBusMessages | {"line":"dq","t":20041,"v":1}
2025-12-14 22:59:15 | DEBUG    | 1-wire.py | getBusMessages | {"line":"dq","t":20051,"v":0}
2025-12-14 22:59:15 | DEBUG    | 1-wire.py | getBusMessages | {"line":"dq","t":20111,"v":1}
2025-12-14 22:59:15 | DEBUG    | 1-wire.py | getBusMessages | {"line":"dq","t":20121,"v":0}
2025-12-14 22:59:15 | DEBUG    | 1-wire.py | getBusMessages | {"line":"dq","t":20181,"v":1}
2025-12-14 22:59:15 | DEBUG    | 1-wire.py | getBusMessages | {"line":"dq","t":20191,"v":0}
2025-12-14 22:59:15 | DEBUG    | 1-wire.py | getBusMessages | {"line":"dq","t":20251,"v":1}
2025-12-14 22:59:15 | DEBUG    | 1-wire.py | getBusMessages | {"line":"dq","t":20261,"v":0}
2025-12-14 22:59:15 | DEBUG    | 1-wire.py | getBusMessages | {"line":"dq","t":20321,"v":1}
2025-12-14 22:59:15 | DEBUG    | 1-wire.py | getBusMessages | {"line":"dq","t":20331,"v":0}
2025-12-14 22:59:15 | DEBUG    | 1-wire.py | getBusMessages | {"line":"dq","t":20337,"v":1}
2025-12-14 22:59:15 | DEBUG    | 1-wire.py | getBusMessages | {"line":"dq","t":20401,"v":0}
2025-12-14 22:59:15 | DEBUG    | 1-wire.py | getBusMessages | {"line":"dq","t":20461,"v":1}
2025-12-14 22:59:15 | DEBUG    | 1-wire.py | getBusMessages | {"line":"dq","t":20471,"v":0}
2025-12-14 22:59:15 | DEBUG    | 1-wire.py | getBusMessages | {"line":"dq","t":20531,"v":1}
2025-12-14 22:59:15 | DEBUG    | 1-wire.py | getBusMessages | {"line":"dq","t":20541,"v":0}
2025-12-14 22:59:15 | DEBUG    | 1-wire.py | getBusMessages | {"line":"dq","t":20547,"v":1}
2025-12-14 22:59:15 | DEBUG    | 1-wire.py | getBusMessages | {"line":"dq","t":20611,"v":0}
2025-12-14 22:59:15 | DEBUG    | 1-wire.py | getBusMessages | {"line":"dq","t":20671,"v":1}
2025-12-14 22:59:15 | DEBUG    | 1-wire.py | getBusMessages | {"line":"dq","t":20681,"v":0}
2025-12-14 22:59:15 | DEBUG    | 1-wire.py | getBusMessages | {"line":"dq","t":20687,"v":1}
2025-12-14 22:59:15 | DEBUG    | 1-wire.py | getBusMessages | {"line":"dq","t":20751,"v":0}
2025-12-14 22:59:15 | DEBUG    | 1-wire.py | getBusMessages | {"line":"dq","t":20811,"v":1}
2025-12-14 22:59:15 | DEBUG    | 1-wire.py | getBusMessages | {"line":"dq","t":20821,"v":0}
2025-12-14 22:59:15 | DEBUG    | 1-wire.py | getBusMessages | {"line":"dq","t":20827,"v":1}
2025-12-14 22:59:15 | DEBUG    | 1-wire.py | getBusMessages | {"line":"dq","t":20891,"v":0}
2025-12-14 22:59:15 | DEBUG    | 1-wire.py | getBusMessages | {"line":"dq","t":20897,"v":1}
2025-12-14 22:59:15 | DEBUG    | 1-wire.py | getBusMessages | {"line":"dq","t":20961,"v":0}
2025-12-14 22:59:15 | DEBUG    | 1-wire.py | getBusMessages | {"line":"dq","t":20967,"v":1}
2025-12-14 22:59:15 | DEBUG    | 1-wire.py | getBusMessages | {"line":"dq","t":21031,"v":0}
2025-12-14 22:59:15 | DEBUG    | 1-wire.py | getBusMessages | {"line":"dq","t":21091,"v":1}
2025-12-14 22:59:15 | DEBUG    | 1-wire.py | getBusMessages | {"line":"dq","t":21101,"v":0}
2025-12-14 22:59:15 | DEBUG    | 1-wire.py | getBusMessages | {"line":"dq","t":21107,"v":1}
2025-12-14 22:59:15 | DEBUG    | 1-wire.py | getBusMessages | {"line":"dq","t":21171,"v":0}
2025-12-14 22:59:15 | DEBUG    | 1-wire.py | getBusMessages | {"line":"dq","t":21177,"v":1}
2025-12-14 22:59:15 | DEBUG    | 1-wire.py | getBusMessages | {"line":"dq","t":21241,"v":0}
2025-12-14 22:59:15 | DEBUG    | 1-wire.py | getBusMessages | {"line":"dq","t":21301,"v":1}
2025-12-14 22:59:15 | DEBUG    | 1-wire.py | getBusMessages | {"line":"dq","t":21311,"v":0}
2025-12-14 22:59:15 | DEBUG    | 1-wire.py | getBusMessages | {"line":"dq","t":21371,"v":1}
2025-12-14 22:59:15 | DEBUG    | 1-wire.py | getBusMessages | {"line":"dq","t":21381,"v":0}
2025-12-14 22:59:15 | DEBUG    | 1-wire.py | getBusMessages | {"line":"dq","t":21387,"v":1}
2025-12-14 22:59:15 | DEBUG    | 1-wire.py | getBusMessages | {"line":"dq","t":21451,"v":0}
2025-12-14 22:59:15 | DEBUG    | 1-wire.py | getBusMessages | {"line":"dq","t":21457,"v":1}
2025-12-14 22:59:15 | DEBUG    | 1-wire.py | getBusMessages | {"line":"dq","t":21521,"v":0}
2025-12-14 22:59:15 | DEBUG    | 1-wire.py | getBusMessages | {"line":"dq","t":21527,"v":1}
2025-12-14 22:59:15 | DEBUG    | 1-wire.py | getBusMessages | {"line":"dq","t":21591,"v":0}
2025-12-14 22:59:15 | DEBUG    | 1-wire.py | getBusMessages | {"line":"dq","t":21651,"v":1}
2025-12-14 22:59:15 | DEBUG    | 1-wire.py | getBusMessages | {"line":"dq","t":21661,"v":0}
2025-12-14 22:59:15 | DEBUG    | 1-wire.py | getBusMessages | {"line":"dq","t":21667,"v":1}
2025-12-14 22:59:15 | DEBUG    | 1-wire.py | getBusMessages | {"line":"dq","t":21731,"v":0}
2025-12-14 22:59:15 | DEBUG    | 1-wire.py | getBusMessages | {"line":"dq","t":21791,"v":1}
2025-12-14 22:59:15 | DEBUG    | 1-wire.py | getBusMessages | {"line":"dq","t":21801,"v":0}
2025-12-14 22:59:15 | DEBUG    | 1-wire.py | getBusMessages | {"line":"dq","t":21861,"v":1}
2025-12-14 22:59:15 | DEBUG    | 1-wire.py | getBusMessages | {"line":"dq","t":21871,"v":0}
2025-12-14 22:59:15 | DEBUG    | 1-wire.py | getBusMessages | {"line":"dq","t":21877,"v":1}
2025-12-14 22:59:15 | DEBUG    | 1-wire.py | getBusMessages | {"line":"dq","t":21941,"v":0}
2025-12-14 22:59:15 | DEBUG    | 1-wire.py | getBusMessages | {"line":"dq","t":22001,"v":1}
2025-12-14 22:59:15 | DEBUG    | 1-wire.py | getBusMessages | {"line":"dq","t":22011,"v":0}
2025-12-14 22:59:15 | DEBUG    | 1-wire.py | getBusMessages | {"line":"dq","t":22017,"v":1}
2025-12-14 22:59:15 | DEBUG    | 1-wire.py | getBusMessages | {"line":"dq","t":22081,"v":0}
2025-12-14 22:59:15 | DEBUG    | 1-wire.py | getBusMessages | {"line":"dq","t":22087,"v":1}
2025-12-14 22:59:15 | DEBUG    | 1-wire.py | getBusMessages | {"line":"dq","t":22151,"v":0}
2025-12-14 22:59:15 | DEBUG    | 1-wire.py | getBusMessages | {"line":"dq","t":22211,"v":1}
2025-12-14 22:59:15 | DEBUG    | 1-wire.py | getBusMessages | {"line":"dq","t":22221,"v":0}
2025-12-14 22:59:15 | DEBUG    | 1-wire.py | getBusMessages | {"line":"dq","t":22281,"v":1}
2025-12-14 22:59:15 | DEBUG    | 1-wire.py | getBusMessages | {"line":"dq","t":22291,"v":0}
2025-12-14 22:59:15 | DEBUG    | 1-wire.py | getBusMessages | {"line":"dq","t":22297,"v":1}
2025-12-14 22:59:15 | DEBUG    | 1-wire.py | getBusMessages | {"line":"dq","t":22361,"v":0}
2025-12-14 22:59:15 | DEBUG    | 1-wire.py | getBusMessages | {"line":"dq","t":22367,"v":1}
2025-12-14 22:59:15 | DEBUG    | 1-wire.py | getBusMessages | {"line":"dq","t":22431,"v":0}
2025-12-14 22:59:15 | DEBUG    | 1-wire.py | getBusMessages | {"line":"dq","t":22437,"v":1}
2025-12-14 22:59:15 | DEBUG    | 1-wire.py | getBusMessages | {"line":"dq","t":22501,"v":0}
2025-12-14 22:59:15 | DEBUG    | 1-wire.py | getBusMessages | {"line":"dq","t":22561,"v":1}
2025-12-14 22:59:15 | DEBUG    | 1-wire.py | getBusMessages | {"line":"dq","t":22571,"v":0}
2025-12-14 22:59:15 | DEBUG    | 1-wire.py | getBusMessages | {"line":"dq","t":22577,"v":1}
2025-12-14 22:59:15 | DEBUG    | 1-wire.py | getBusMessages | {"line":"dq","t":22641,"v":0}
2025-12-14 22:59:15 | DEBUG    | 1-wire.py | getBusMessages | {"line":"dq","t":22647,"v":1}
2025-12-14 22:59:15 | DEBUG    | 1-wire.py | getBusMessages | {"line":"dq","t":22711,"v":0}
2025-12-14 22:59:15 | DEBUG    | 1-wire.py | getBusMessages | {"line":"dq","t":22771,"v":1}
2025-12-14 22:59:15 | DEBUG    | 1-wire.py | getBusMessages | {"line":"dq","t":22781,"v":0}
2025-12-14 22:59:15 | DEBUG    | 1-wire.py | getBusMessages | {"line":"dq","t":22787,"v":1}
2025-12-14 22:59:15 | DEBUG    | 1-wire.py | getBusMessages | {"line":"dq","t":22851,"v":0}
2025-12-14 22:59:15 | DEBUG    | 1-wire.py | getBusMessages | {"line":"dq","t":22857,"v":1}
2025-12-14 22:59:15 | DEBUG    | 1-wire.py | getBusMessages | {"line":"dq","t":22921,"v":0}
2025-12-14 22:59:15 | DEBUG    | 1-wire.py | getBusMessages | {"line":"dq","t":22927,"v":1}
2025-12-14 22:59:15 | DEBUG    | 1-wire.py | getBusMessages | {"line":"dq","t":22991,"v":0}
2025-12-14 22:59:15 | DEBUG    | 1-wire.py | getBusMessages | {"line":"dq","t":23051,"v":1}
2025-12-14 22:59:15 | DEBUG    | 1-wire.py | getBusMessages | {"line":"dq","t":23061,"v":0}
2025-12-14 22:59:15 | DEBUG    | 1-wire.py | getBusMessages | {"line":"dq","t":23121,"v":1}
2025-12-14 22:59:15 | DEBUG    | 1-wire.py | getBusMessages | {"line":"dq","t":23131,"v":0}
2025-12-14 22:59:15 | DEBUG    | 1-wire.py | getBusMessages | {"line":"dq","t":23137,"v":1}
2025-12-14 22:59:15 | DEBUG    | 1-wire.py | getBusMessages | {"line":"dq","t":23201,"v":0}
2025-12-14 22:59:15 | DEBUG    | 1-wire.py | getBusMessages | {"line":"dq","t":23207,"v":1}
2025-12-14 22:59:15 | DEBUG    | 1-wire.py | getBusMessages | {"line":"dq","t":23271,"v":0}
2025-12-14 22:59:15 | DEBUG    | 1-wire.py | getBusMessages | {"line":"dq","t":23331,"v":1}
2025-12-14 22:59:15 | DEBUG    | 1-wire.py | getBusMessages | {"line":"dq","t":23341,"v":0}
2025-12-14 22:59:15 | DEBUG    | 1-wire.py | getBusMessages | {"line":"dq","t":23401,"v":1}
2025-12-14 22:59:15 | DEBUG    | 1-wire.py | getBusMessages | {"line":"dq","t":23411,"v":0}
2025-12-14 22:59:15 | DEBUG    | 1-wire.py | getBusMessages | {"line":"dq","t":23471,"v":1}
2025-12-14 22:59:15 | DEBUG    | 1-wire.py | getBusMessages | {"line":"dq","t":23481,"v":0}
2025-12-14 22:59:15 | DEBUG    | 1-wire.py | getBusMessages | {"line":"dq","t":23541,"v":1}
2025-12-14 22:59:15 | DEBUG    | 1-wire.py | getBusMessages | {"line":"dq","t":23551,"v":0}
2025-12-14 22:59:15 | DEBUG    | 1-wire.py | getBusMessages | {"line":"dq","t":23611,"v":1}
2025-12-14 22:59:15 | DEBUG    | 1-wire.py | getBusMessages | {"line":"dq","t":23621,"v":0}
2025-12-14 22:59:15 | DEBUG    | 1-wire.py | getBusMessages | {"line":"dq","t":23681,"v":1}
2025-12-14 22:59:15 | DEBUG    | 1-wire.py | getBusMessages | {"line":"dq","t":23691,"v":0}
2025-12-14 22:59:15 | DEBUG    | 1-wire.py | getBusMessages | {"line":"dq","t":23697,"v":1}
2025-12-14 22:59:15 | DEBUG    | 1-wire.py | getBusMessages | {"line":"dq","t":23761,"v":0}
2025-12-14 22:59:15 | DEBUG    | 1-wire.py | getBusMessages | {"line":"dq","t":23821,"v":1}
2025-12-14 22:59:15 | DEBUG    | 1-wire.py | getBusMessages | {"line":"dq","t":23831,"v":0}
2025-12-14 22:59:15 | DEBUG    | 1-wire.py | getBusMessages | {"line":"dq","t":23891,"v":1}
2025-12-14 22:59:15 | DEBUG    | 1-wire.py | getBusMessages | {"line":"dq","t":23901,"v":0}
2025-12-14 22:59:15 | DEBUG    | 1-wire.py | getBusMessages | {"line":"dq","t":23961,"v":1}
2025-12-14 22:59:15 | DEBUG    | 1-wire.py | getBusMessages | {"line":"dq","t":23971,"v":0}
2025-12-14 22:59:15 | DEBUG    | 1-wire.py | getBusMessages | {"line":"dq","t":24031,"v":1}
2025-12-14 22:59:15 | DEBUG    | 1-wire.py | getBusMessages | {"line":"dq","t":24041,"v":0}
2025-12-14 22:59:15 | DEBUG    | 1-wire.py | getBusMessages | {"line":"dq","t":24047,"v":1}
2025-12-14 22:59:15 | DEBUG    | 1-wire.py | getBusMessages | {"line":"dq","t":24111,"v":0}
2025-12-14 22:59:15 | DEBUG    | 1-wire.py | getBusMessages | {"line":"dq","t":24171,"v":1}
2025-12-14 22:59:15 | DEBUG    | 1-wire.py | getBusMessages | {"line":"dq","t":24181,"v":0}
2025-12-14 22:59:15 | DEBUG    | 1-wire.py | getBusMessages | {"line":"dq","t":24187,"v":1}
2025-12-14 22:59:15 | DEBUG    | 1-wire.py | getBusMessages | {"line":"dq","t":24251,"v":0}
2025-12-14 22:59:15 | DEBUG    | 1-wire.py | getBusMessages | {"line":"dq","t":24257,"v":1}
2025-12-14 22:59:15 | DEBUG    | 1-wire.py | getBusMessages | {"line":"dq","t":24321,"v":0}
2025-12-14 22:59:15 | DEBUG    | 1-wire.py | getBusMessages | {"line":"dq","t":24327,"v":1}
2025-12-14 22:59:15 | DEBUG    | 1-wire.py | getBusMessages | {"line":"dq","t":24391,"v":0}
2025-12-14 22:59:15 | DEBUG    | 1-wire.py | getBusMessages | {"line":"dq","t":24451,"v":1}
2025-12-14 22:59:15 | DEBUG    | 1-wire.py | getBusMessages | {"line":"dq","t":24461,"v":0}
2025-12-14 22:59:15 | DEBUG    | 1-wire.py | getBusMessages | {"line":"dq","t":24521,"v":1}
2025-12-14 22:59:15 | DEBUG    | 1-wire.py | getBusMessages | {"line":"dq","t":24531,"v":0}
2025-12-14 22:59:15 | DEBUG    | 1-wire.py | getBusMessages | {"line":"dq","t":24591,"v":1}
2025-12-14 22:59:15 | DEBUG    | 1-wire.py | getBusMessages | {"line":"dq","t":24601,"v":0}
2025-12-14 22:59:15 | DEBUG    | 1-wire.py | getBusMessages | {"line":"dq","t":24661,"v":1}
2025-12-14 22:59:15 | DEBUG    | 1-wire.py | getBusMessages | {"line":"dq","t":24671,"v":0}
2025-12-14 22:59:15 | DEBUG    | 1-wire.py | getBusMessages | {"line":"dq","t":24677,"v":1}
2025-12-14 22:59:15 | DEBUG    | 1-wire.py | getBusMessages | {"line":"dq","t":24741,"v":0}
2025-12-14 22:59:15 | DEBUG    | 1-wire.py | getBusMessages | {"line":"dq","t":24801,"v":1}
2025-12-14 22:59:15 | DEBUG    | 1-wire.py | getBusMessages | {"line":"dq","t":24811,"v":0}
2025-12-14 22:59:15 | DEBUG    | 1-wire.py | getBusMessages | {"line":"dq","t":24817,"v":1}
2025-12-14 22:59:15 | DEBUG    | 1-wire.py | getBusMessages | {"line":"dq","t":24881,"v":0}
2025-12-14 22:59:15 | DEBUG    | 1-wire.py | getBusMessages | {"line":"dq","t":24887,"v":1}
2025-12-14 22:59:15 | DEBUG    | 1-wire.py | getBusMessages | {"line":"dq","t":24951,"v":0}
2025-12-14 22:59:15 | DEBUG    | 1-wire.py | getBusMessages | {"line":"dq","t":25011,"v":1}
2025-12-14 22:59:15 | DEBUG    | 1-wire.py | getBusMessages | {"line":"dq","t":25021,"v":0}
2025-12-14 22:59:15 | DEBUG    | 1-wire.py | getBusMessages | {"line":"dq","t":25027,"v":1}
2025-12-14 22:59:15 | DEBUG    | 1-wire.py | getBusMessages | {"line":"dq","t":25091,"v":0}
2025-12-14 22:59:15 | DEBUG    | 1-wire.py | getBusMessages | {"line":"dq","t":25151,"v":1}
2025-12-14 22:59:15 | DEBUG    | 1-wire.py | getBusMessages | {"line":"dq","t":25161,"v":0}
2025-12-14 22:59:15 | DEBUG    | 1-wire.py | getBusMessages | {"line":"dq","t":25167,"v":1}
2025-12-14 22:59:15 | DEBUG    | 1-wire.py | getBusMessages | {"line":"dq","t":25231,"v":0}
2025-12-14 22:59:15 | DEBUG    | 1-wire.py | getBusMessages | {"line":"dq","t":25291,"v":1}
2025-12-14 22:59:15 | DEBUG    | 1-wire.py | getBusMessages | {"line":"dq","t":25301,"v":0}
2025-12-14 22:59:15 | DEBUG    | 1-wire.py | getBusMessages | {"line":"dq","t":25361,"v":1}
2025-12-14 22:59:15 | DEBUG    | 1-wire.py | getBusMessages | {"line":"dq","t":25371,"v":0}
2025-12-14 22:59:15 | DEBUG    | 1-wire.py | getBusMessages | {"line":"dq","t":25377,"v":1}
2025-12-14 22:59:15 | DEBUG    | 1-wire.py | getBusMessages | {"line":"dq","t":25441,"v":0}
2025-12-14 22:59:15 | DEBUG    | 1-wire.py | getBusMessages | {"line":"dq","t":25447,"v":1}
2025-12-14 22:59:15 | DEBUG    | 1-wire.py | getBusMessages | {"line":"dq","t":25511,"v":0}
2025-12-14 22:59:15 | DEBUG    | 1-wire.py | getBusMessages | {"line":"dq","t":25571,"v":1}
2025-12-14 22:59:15 | DEBUG    | 1-wire.py | getBusMessages | {"line":"dq","t":25581,"v":0}
2025-12-14 22:59:15 | DEBUG    | 1-wire.py | getBusMessages | {"line":"dq","t":25641,"v":1}
2025-12-14 22:59:15 | DEBUG    | 1-wire.py | getBusMessages | {"line":"dq","t":25651,"v":0}
2025-12-14 22:59:15 | DEBUG    | 1-wire.py | getBusMessages | {"line":"dq","t":25711,"v":1}
2025-12-14 22:59:15 | DEBUG    | 1-wire.py | getBusMessages | {"line":"dq","t":25721,"v":0}
2025-12-14 22:59:15 | DEBUG    | 1-wire.py | getBusMessages | {"line":"dq","t":25781,"v":1}
2025-12-14 22:59:15 | DEBUG    | 1-wire.py | getBusMessages | {"line":"dq","t":25791,"v":0}
2025-12-14 22:59:15 | DEBUG    | 1-wire.py | getBusMessages | {"line":"dq","t":25851,"v":1}
2025-12-14 22:59:15 | DEBUG    | 1-wire.py | getBusMessages | {"line":"dq","t":25861,"v":0}
2025-12-14 22:59:15 | DEBUG    | 1-wire.py | getBusMessages | {"line":"dq","t":25921,"v":1}
2025-12-14 22:59:15 | DEBUG    | 1-wire.py | getBusMessages | {"line":"dq","t":25931,"v":0}
2025-12-14 22:59:15 | DEBUG    | 1-wire.py | getBusMessages | {"line":"dq","t":25937,"v":1}
2025-12-14 22:59:15 | DEBUG    | 1-wire.py | getBusMessages | {"line":"dq","t":26001,"v":0}
2025-12-14 22:59:15 | DEBUG    | 1-wire.py | getBusMessages | {"line":"dq","t":26061,"v":1}
2025-12-14 22:59:15 | DEBUG    | 1-wire.py | getBusMessages | {"line":"dq","t":26071,"v":0}
2025-12-14 22:59:15 | DEBUG    | 1-wire.py | getBusMessages | {"line":"dq","t":26131,"v":1}
2025-12-14 22:59:15 | DEBUG    | 1-wire.py | getBusMessages | {"line":"dq","t":26141,"v":0}
2025-12-14 22:59:15 | DEBUG    | 1-wire.py | getBusMessages | {"line":"dq","t":26201,"v":1}
2025-12-14 22:59:15 | DEBUG    | 1-wire.py | getBusMessages | {"line":"dq","t":26211,"v":0}
2025-12-14 22:59:15 | DEBUG    | 1-wire.py | getBusMessages | {"line":"dq","t":26271,"v":1}
2025-12-14 22:59:15 | DEBUG    | 1-wire.py | getBusMessages | {"line":"dq","t":26281,"v":0}
2025-12-14 22:59:15 | DEBUG    | 1-wire.py | getBusMessages | {"line":"dq","t":26341,"v":1}
2025-12-14 22:59:15 | DEBUG    | 1-wire.py | getBusMessages | {"line":"dq","t":26351,"v":0}
2025-12-14 22:59:15 | DEBUG    | 1-wire.py | getBusMessages | {"line":"dq","t":26357,"v":1}
2025-12-14 22:59:15 | DEBUG    | 1-wire.py | getBusMessages | {"line":"dq","t":26421,"v":0}
2025-12-14 22:59:15 | DEBUG    | 1-wire.py | getBusMessages | {"line":"dq","t":26427,"v":1}
2025-12-14 22:59:15 | DEBUG    | 1-wire.py | getBusMessages | {"line":"dq","t":26491,"v":0}
2025-12-14 22:59:15 | DEBUG    | 1-wire.py | getBusMessages | {"line":"dq","t":26551,"v":1}
2025-12-14 22:59:15 | DEBUG    | 1-wire.py | getBusMessages | {"line":"dq","t":26561,"v":0}
2025-12-14 22:59:15 | DEBUG    | 1-wire.py | getBusMessages | {"line":"dq","t":26567,"v":1}
2025-12-14 22:59:15 | DEBUG    | 1-wire.py | getBusMessages | {"line":"dq","t":26631,"v":0}
2025-12-14 22:59:15 | DEBUG    | 1-wire.py | getBusMessages | {"line":"dq","t":26691,"v":1}
2025-12-14 22:59:15 | DEBUG    | 1-wire.py | getBusMessages | {"line":"dq","t":26701,"v":0}
2025-12-14 22:59:15 | DEBUG    | 1-wire.py | getBusMessages | {"line":"dq","t":26707,"v":1}
2025-12-14 22:59:15 | DEBUG    | 1-wire.py | getBusMessages | {"line":"dq","t":26771,"v":0}
2025-12-14 22:59:15 | DEBUG    | 1-wire.py | getBusMessages | {"line":"dq","t":26777,"v":1}
2025-12-14 22:59:15 | DEBUG    | 1-wire.py | getBusMessages | {"line":"dq","t":26841,"v":0}
2025-12-14 22:59:15 | DEBUG    | 1-wire.py | getBusMessages | {"line":"dq","t":26847,"v":1}
2025-12-14 22:59:15 | DEBUG    | 1-wire.py | getBusMessages | {"line":"dq","t":26911,"v":0}
2025-12-14 22:59:15 | DEBUG    | 1-wire.py | getBusMessages | {"line":"dq","t":26917,"v":1}
2025-12-14 22:59:15 | DEBUG    | 1-wire.py | getBusMessages | {"line":"dq","t":26981,"v":0}
2025-12-14 22:59:15 | DEBUG    | 1-wire.py | getBusMessages | {"line":"dq","t":27041,"v":1}
2025-12-14 22:59:15 | DEBUG    | 1-wire.py | getBusMessages | {"line":"dq","t":27051,"v":0}
2025-12-14 22:59:15 | DEBUG    | 1-wire.py | getBusMessages | {"line":"dq","t":27111,"v":1}
2025-12-14 22:59:15 | DEBUG    | 1-wire.py | getBusMessages | {"line":"dq","t":27121,"v":0}
2025-12-14 22:59:15 | DEBUG    | 1-wire.py | getBusMessages | {"line":"dq","t":27127,"v":1}
2025-12-14 22:59:15 | DEBUG    | 1-wire.py | getBusMessages | {"line":"dq","t":27191,"v":0}
2025-12-14 22:59:15 | DEBUG    | 1-wire.py | getBusMessages | {"line":"dq","t":27251,"v":1}
2025-12-14 22:59:15 | DEBUG    | 1-wire.py | getBusMessages | {"line":"dq","t":27261,"v":0}
2025-12-14 22:59:15 | DEBUG    | 1-wire.py | getBusMessages | {"line":"dq","t":27321,"v":1}
2025-12-14 22:59:15 | DEBUG    | 1-wire.py | getBusMessages | {"line":"dq","t":27331,"v":0}
2025-12-14 22:59:15 | DEBUG    | 1-wire.py | getBusMessages | {"line":"dq","t":27337,"v":1}
2025-12-14 22:59:15 | DEBUG    | 1-wire.py | getBusMessages | {"line":"dq","t":27401,"v":0}
2025-12-14 22:59:15 | DEBUG    | 1-wire.py | getBusMessages | {"line":"dq","t":27461,"v":1}
2025-12-14 22:59:15 | DEBUG    | 1-wire.py | getBusMessages | {"line":"dq","t":27471,"v":0}
2025-12-14 22:59:15 | DEBUG    | 1-wire.py | getBusMessages | {"line":"dq","t":27531,"v":1}
2025-12-14 22:59:15 | DEBUG    | 1-wire.py | getBusMessages | {"line":"dq","t":27541,"v":0}
2025-12-14 22:59:15 | DEBUG    | 1-wire.py | getBusMessages | {"line":"dq","t":27547,"v":1}
2025-12-14 22:59:15 | DEBUG    | 1-wire.py | getBusMessages | {"line":"dq","t":27611,"v":0}
2025-12-14 22:59:15 | DEBUG    | 1-wire.py | getBusMessages | {"line":"dq","t":27671,"v":1}
2025-12-14 22:59:15 | DEBUG    | 1-wire.py | getBusMessages | {"line":"dq","t":27681,"v":0}
2025-12-14 22:59:15 | DEBUG    | 1-wire.py | getBusMessages | {"line":"dq","t":27687,"v":1}
2025-12-14 22:59:15 | DEBUG    | 1-wire.py | getBusMessages | {"line":"dq","t":27751,"v":0}
2025-12-14 22:59:15 | DEBUG    | 1-wire.py | getBusMessages | {"line":"dq","t":27811,"v":1}
2025-12-14 22:59:15 | DEBUG    | 1-wire.py | getBusMessages | {"line":"dq","t":27821,"v":0}
2025-12-14 22:59:15 | DEBUG    | 1-wire.py | getBusMessages | {"line":"dq","t":27881,"v":1}
2025-12-14 22:59:15 | DEBUG    | 1-wire.py | getBusMessages | {"line":"dq","t":27891,"v":0}
2025-12-14 22:59:15 | DEBUG    | 1-wire.py | getBusMessages | {"line":"dq","t":27951,"v":1}
2025-12-14 22:59:15 | DEBUG    | 1-wire.py | getBusMessages | {"line":"dq","t":27961,"v":0}
2025-12-14 22:59:15 | DEBUG    | 1-wire.py | getBusMessages | {"line":"dq","t":28021,"v":1}
2025-12-14 22:59:15 | DEBUG    | 1-wire.py | getBusMessages | {"line":"dq","t":28031,"v":0}
2025-12-14 22:59:15 | DEBUG    | 1-wire.py | getBusMessages | {"line":"dq","t":28091,"v":1}
2025-12-14 22:59:15 | DEBUG    | 1-wire.py | getBusMessages | {"line":"dq","t":28101,"v":0}
2025-12-14 22:59:15 | DEBUG    | 1-wire.py | getBusMessages | {"line":"dq","t":28161,"v":1}
2025-12-14 22:59:15 | DEBUG    | 1-wire.py | getBusMessages | {"line":"dq","t":28171,"v":0}
2025-12-14 22:59:15 | DEBUG    | 1-wire.py | getBusMessages | {"line":"dq","t":28177,"v":1}
2025-12-14 22:59:15 | DEBUG    | 1-wire.py | getBusMessages | {"line":"dq","t":28241,"v":0}
2025-12-14 22:59:15 | DEBUG    | 1-wire.py | getBusMessages | {"line":"dq","t":28301,"v":1}
2025-12-14 22:59:15 | DEBUG    | 1-wire.py | getBusMessages | {"line":"dq","t":28311,"v":0}
2025-12-14 22:59:15 | DEBUG    | 1-wire.py | getBusMessages | {"line":"dq","t":28371,"v":1}
2025-12-14 22:59:15 | DEBUG    | 1-wire.py | getBusMessages | {"line":"dq","t":28381,"v":0}
2025-12-14 22:59:15 | DEBUG    | 1-wire.py | getBusMessages | {"line":"dq","t":28387,"v":1}
2025-12-14 22:59:15 | DEBUG    | 1-wire.py | getBusMessages | {"line":"dq","t":28451,"v":0}
2025-12-14 22:59:15 | DEBUG    | 1-wire.py | getBusMessages | {"line":"dq","t":28457,"v":1}
2025-12-14 22:59:15 | DEBUG    | 1-wire.py | getBusMessages | {"line":"dq","t":28521,"v":0}
2025-12-14 22:59:15 | DEBUG    | 1-wire.py | getBusMessages | {"line":"dq","t":28581,"v":1}
2025-12-14 22:59:15 | DEBUG    | 1-wire.py | getBusMessages | {"line":"dq","t":28591,"v":0}
2025-12-14 22:59:15 | DEBUG    | 1-wire.py | getBusMessages | {"line":"dq","t":28597,"v":1}
2025-12-14 22:59:15 | DEBUG    | 1-wire.py | getBusMessages | {"line":"dq","t":28661,"v":0}
2025-12-14 22:59:15 | DEBUG    | 1-wire.py | getBusMessages | {"line":"dq","t":28721,"v":1}
2025-12-14 22:59:15 | DEBUG    | 1-wire.py | getBusMessages | {"line":"dq","t":28731,"v":0}
2025-12-14 22:59:15 | DEBUG    | 1-wire.py | getBusMessages | {"line":"dq","t":28737,"v":1}
2025-12-14 22:59:15 | DEBUG    | 1-wire.py | getBusMessages | {"line":"dq","t":28801,"v":0}
2025-12-14 22:59:15 | DEBUG    | 1-wire.py | getBusMessages | {"line":"dq","t":28807,"v":1}
2025-12-14 22:59:15 | DEBUG    | 1-wire.py | getBusMessages | {"line":"dq","t":28871,"v":0}
2025-12-14 22:59:15 | DEBUG    | 1-wire.py | getBusMessages | {"line":"dq","t":28931,"v":1}
2025-12-14 22:59:15 | DEBUG    | 1-wire.py | getBusMessages | {"line":"dq","t":28941,"v":0}
2025-12-14 22:59:15 | DEBUG    | 1-wire.py | getBusMessages | {"line":"dq","t":28947,"v":1}
2025-12-14 22:59:15 | DEBUG    | 1-wire.py | getBusMessages | {"line":"dq","t":29011,"v":0}
2025-12-14 22:59:15 | DEBUG    | 1-wire.py | getBusMessages | {"line":"dq","t":29071,"v":1}
2025-12-14 22:59:15 | DEBUG    | 1-wire.py | getBusMessages | {"line":"dq","t":29081,"v":0}
2025-12-14 22:59:15 | DEBUG    | 1-wire.py | getBusMessages | {"line":"dq","t":29087,"v":1}
2025-12-14 22:59:15 | DEBUG    | 1-wire.py | getBusMessages | {"line":"dq","t":29151,"v":0}
2025-12-14 22:59:15 | DEBUG    | 1-wire.py | getBusMessages | {"line":"dq","t":29211,"v":1}
2025-12-14 22:59:15 | DEBUG    | 1-wire.py | getBusMessages | {"line":"dq","t":29221,"v":0}
2025-12-14 22:59:15 | DEBUG    | 1-wire.py | getBusMessages | {"line":"dq","t":29281,"v":1}
2025-12-14 22:59:15 | DEBUG    | 1-wire.py | getBusMessages | {"line":"dq","t":29291,"v":0}
2025-12-14 22:59:15 | DEBUG    | 1-wire.py | getBusMessages | {"line":"dq","t":29297,"v":1}
2025-12-14 22:59:15 | DEBUG    | 1-wire.py | getBusMessages | {"line":"dq","t":29361,"v":0}
2025-12-14 22:59:15 | DEBUG    | 1-wire.py | getBusMessages | {"line":"dq","t":29367,"v":1}
2025-12-14 22:59:15 | DEBUG    | 1-wire.py | getBusMessages | {"line":"dq","t":29431,"v":0}
2025-12-14 22:59:15 | DEBUG    | 1-wire.py | getBusMessages | {"line":"dq","t":29491,"v":1}
2025-12-14 22:59:15 | DEBUG    | 1-wire.py | getBusMessages | {"line":"dq","t":29501,"v":0}
2025-12-14 22:59:15 | DEBUG    | 1-wire.py | getBusMessages | {"line":"dq","t":29507,"v":1}
2025-12-14 22:59:15 | DEBUG    | 1-wire.py | getBusMessages | {"line":"dq","t":29571,"v":0}
2025-12-14 22:59:15 | DEBUG    | 1-wire.py | getBusMessages | {"line":"dq","t":29631,"v":1}
2025-12-14 22:59:15 | DEBUG    | 1-wire.py | getBusMessages | {"line":"dq","t":29641,"v":0}
2025-12-14 22:59:15 | DEBUG    | 1-wire.py | getBusMessages | {"line":"dq","t":29701,"v":1}
2025-12-14 22:59:15 | DEBUG    | 1-wire.py | getBusMessages | {"line":"dq","t":29711,"v":0}
2025-12-14 22:59:15 | DEBUG    | 1-wire.py | getBusMessages | {"line":"dq","t":29717,"v":1}
2025-12-14 22:59:15 | DEBUG    | 1-wire.py | getBusMessages | {"line":"dq","t":29781,"v":0}
2025-12-14 22:59:15 | DEBUG    | 1-wire.py | getBusMessages | {"line":"dq","t":29787,"v":1}
2025-12-14 22:59:15 | DEBUG    | 1-wire.py | getBusMessages | {"line":"dq","t":29851,"v":0}
2025-12-14 22:59:15 | DEBUG    | 1-wire.py | getBusMessages | {"line":"dq","t":29857,"v":1}
2025-12-14 22:59:15 | DEBUG    | 1-wire.py | getBusMessages | {"line":"dq","t":29921,"v":0}
2025-12-14 22:59:15 | DEBUG    | 1-wire.py | getBusMessages | {"line":"dq","t":29927,"v":1}
2025-12-14 22:59:15 | DEBUG    | 1-wire.py | getBusMessages | {"line":"dq","t":29991,"v":0}
2025-12-14 22:59:15 | DEBUG    | 1-wire.py | getBusMessages | {"line":"dq","t":30051,"v":1}
2025-12-14 22:59:15 | DEBUG    | 1-wire.py | getBusMessages | {"line":"dq","t":30061,"v":0}
2025-12-14 22:59:15 | DEBUG    | 1-wire.py | getBusMessages | {"line":"dq","t":30121,"v":1}
2025-12-14 22:59:15 | DEBUG    | 1-wire.py | getBusMessages | {"line":"dq","t":30131,"v":0}
2025-12-14 22:59:15 | DEBUG    | 1-wire.py | getBusMessages | {"line":"dq","t":30137,"v":1}
2025-12-14 22:59:15 | DEBUG    | 1-wire.py | getBusMessages | {"line":"dq","t":30201,"v":0}
2025-12-14 22:59:15 | DEBUG    | 1-wire.py | getBusMessages | {"line":"dq","t":30261,"v":1}
2025-12-14 22:59:15 | DEBUG    | 1-wire.py | getBusMessages | {"line":"dq","t":30271,"v":0}
2025-12-14 22:59:15 | DEBUG    | 1-wire.py | getBusMessages | {"line":"dq","t":30277,"v":1}
2025-12-14 22:59:15 | DEBUG    | 1-wire.py | getBusMessages | {"line":"dq","t":30341,"v":0}
2025-12-14 22:59:15 | DEBUG    | 1-wire.py | getBusMessages | {"line":"dq","t":30347,"v":1}
2025-12-14 22:59:15 | DEBUG    | 1-wire.py | getBusMessages | {"line":"dq","t":30411,"v":0}
2025-12-14 22:59:15 | DEBUG    | 1-wire.py | getBusMessages | {"line":"dq","t":30417,"v":1}
2025-12-14 22:59:15 | DEBUG    | 1-wire.py | getBusMessages | {"line":"dq","t":30481,"v":0}
2025-12-14 22:59:15 | DEBUG    | 1-wire.py | getBusMessages | {"line":"dq","t":30541,"v":1}
2025-12-14 22:59:15 | DEBUG    | 1-wire.py | getBusMessages | {"line":"dq","t":30551,"v":0}
2025-12-14 22:59:15 | DEBUG    | 1-wire.py | getBusMessages | {"line":"dq","t":30611,"v":1}
2025-12-14 22:59:15 | DEBUG    | 1-wire.py | getBusMessages | {"line":"dq","t":30621,"v":0}
2025-12-14 22:59:15 | DEBUG    | 1-wire.py | getBusMessages | {"line":"dq","t":30681,"v":1}
2025-12-14 22:59:15 | DEBUG    | 1-wire.py | getBusMessages | {"line":"dq","t":30691,"v":0}
2025-12-14 22:59:15 | DEBUG    | 1-wire.py | getBusMessages | {"line":"dq","t":30751,"v":1}
2025-12-14 22:59:15 | DEBUG    | 1-wire.py | getBusMessages | {"line":"dq","t":30761,"v":0}
2025-12-14 22:59:15 | DEBUG    | 1-wire.py | getBusMessages | {"line":"dq","t":30821,"v":1}
2025-12-14 22:59:15 | DEBUG    | 1-wire.py | getBusMessages | {"line":"dq","t":30831,"v":0}
2025-12-14 22:59:15 | DEBUG    | 1-wire.py | getBusMessages | {"line":"dq","t":30891,"v":1}
2025-12-14 22:59:15 | DEBUG    | 1-wire.py | getBusMessages | {"line":"dq","t":30901,"v":0}
2025-12-14 22:59:15 | DEBUG    | 1-wire.py | getBusMessages | {"line":"dq","t":30961,"v":1}
2025-12-14 22:59:15 | DEBUG    | 1-wire.py | getBusMessages | {"line":"dq","t":30971,"v":0}
2025-12-14 22:59:15 | DEBUG    | 1-wire.py | getBusMessages | {"line":"dq","t":30977,"v":1}
2025-12-14 22:59:15 | DEBUG    | 1-wire.py | getBusMessages | {"line":"dq","t":31041,"v":0}
2025-12-14 22:59:15 | DEBUG    | 1-wire.py | getBusMessages | {"line":"dq","t":31101,"v":1}
2025-12-14 22:59:15 | DEBUG    | 1-wire.py | getBusMessages | {"line":"dq","t":31111,"v":0}
2025-12-14 22:59:15 | DEBUG    | 1-wire.py | getBusMessages | {"line":"dq","t":31171,"v":1}
2025-12-14 22:59:15 | DEBUG    | 1-wire.py | getBusMessages | {"line":"dq","t":31181,"v":0}
2025-12-14 22:59:15 | DEBUG    | 1-wire.py | getBusMessages | {"line":"dq","t":31187,"v":1}
2025-12-14 22:59:15 | DEBUG    | 1-wire.py | getBusMessages | {"line":"dq","t":31251,"v":0}
2025-12-14 22:59:15 | DEBUG    | 1-wire.py | getBusMessages | {"line":"dq","t":31311,"v":1}
2025-12-14 22:59:15 | DEBUG    | 1-wire.py | getBusMessages | {"line":"dq","t":31321,"v":0}
2025-12-14 22:59:15 | DEBUG    | 1-wire.py | getBusMessages | {"line":"dq","t":31381,"v":1}
2025-12-14 22:59:15 | DEBUG    | 1-wire.py | getBusMessages | {"line":"dq","t":31391,"v":0}
2025-12-14 22:59:15 | DEBUG    | 1-wire.py | getBusMessages | {"line":"dq","t":31397,"v":1}
2025-12-14 22:59:15 | DEBUG    | 1-wire.py | getBusMessages | {"line":"dq","t":31461,"v":0}
2025-12-14 22:59:15 | DEBUG    | 1-wire.py | getBusMessages | {"line":"dq","t":31521,"v":1}
2025-12-14 22:59:15 | DEBUG    | 1-wire.py | getBusMessages | {"line":"dq","t":31531,"v":0}
2025-12-14 22:59:15 | DEBUG    | 1-wire.py | getBusMessages | {"line":"dq","t":31537,"v":1}
2025-12-14 22:59:15 | DEBUG    | 1-wire.py | getBusMessages | {"line":"dq","t":31601,"v":0}
2025-12-14 22:59:15 | DEBUG    | 1-wire.py | getBusMessages | {"line":"dq","t":31607,"v":1}
2025-12-14 22:59:15 | DEBUG    | 1-wire.py | getBusMessages | {"line":"dq","t":31671,"v":0}
2025-12-14 22:59:15 | DEBUG    | 1-wire.py | getBusMessages | {"line":"dq","t":31731,"v":1}
2025-12-14 22:59:15 | DEBUG    | 1-wire.py | getBusMessages | {"line":"dq","t":31741,"v":0}
2025-12-14 22:59:15 | DEBUG    | 1-wire.py | getBusMessages | {"line":"dq","t":31747,"v":1}
2025-12-14 22:59:15 | DEBUG    | 1-wire.py | getBusMessages | {"line":"dq","t":31811,"v":0}
2025-12-14 22:59:15 | DEBUG    | 1-wire.py | getBusMessages | {"line":"dq","t":31817,"v":1}
2025-12-14 22:59:15 | DEBUG    | 1-wire.py | getBusMessages | {"line":"dq","t":31881,"v":0}
2025-12-14 22:59:15 | DEBUG    | 1-wire.py | getBusMessages | {"line":"dq","t":31941,"v":1}
2025-12-14 22:59:15 | DEBUG    | 1-wire.py | getBusMessages | {"line":"dq","t":31951,"v":0}
2025-12-14 22:59:15 | DEBUG    | 1-wire.py | getBusMessages | {"line":"dq","t":32011,"v":1}
2025-12-14 22:59:15 | DEBUG    | 1-wire.py | getBusMessages | {"line":"dq","t":32021,"v":0}
2025-12-14 22:59:15 | DEBUG    | 1-wire.py | getBusMessages | {"line":"dq","t":32081,"v":1}
2025-12-14 22:59:15 | DEBUG    | 1-wire.py | getBusMessages | {"line":"dq","t":32091,"v":0}
2025-12-14 22:59:15 | DEBUG    | 1-wire.py | getBusMessages | {"line":"dq","t":32097,"v":1}
2025-12-14 22:59:15 | DEBUG    | 1-wire.py | getBusMessages | {"line":"dq","t":32161,"v":0}
2025-12-14 22:59:15 | DEBUG    | 1-wire.py | getBusMessages | {"line":"dq","t":32167,"v":1}
2025-12-14 22:59:15 | DEBUG    | 1-wire.py | getBusMessages | {"line":"dq","t":32231,"v":0}
2025-12-14 22:59:15 | DEBUG    | 1-wire.py | getBusMessages | {"line":"dq","t":32291,"v":1}
2025-12-14 22:59:15 | DEBUG    | 1-wire.py | getBusMessages | {"line":"dq","t":32301,"v":0}
2025-12-14 22:59:15 | DEBUG    | 1-wire.py | getBusMessages | {"line":"dq","t":32307,"v":1}
2025-12-14 22:59:15 | DEBUG    | 1-wire.py | getBusMessages | {"line":"dq","t":32371,"v":0}
2025-12-14 22:59:15 | DEBUG    | 1-wire.py | getBusMessages | {"line":"dq","t":32431,"v":1}
2025-12-14 22:59:15 | DEBUG    | 1-wire.py | getBusMessages | {"line":"dq","t":32441,"v":0}
2025-12-14 22:59:15 | DEBUG    | 1-wire.py | getBusMessages | {"line":"dq","t":32501,"v":1}
2025-12-14 22:59:15 | DEBUG    | 1-wire.py | getBusMessages | {"line":"dq","t":32511,"v":0}
2025-12-14 22:59:15 | DEBUG    | 1-wire.py | getBusMessages | {"line":"dq","t":32517,"v":1}
2025-12-14 22:59:15 | DEBUG    | 1-wire.py | getBusMessages | {"line":"dq","t":32581,"v":0}
2025-12-14 22:59:15 | DEBUG    | 1-wire.py | getBusMessages | {"line":"dq","t":32587,"v":1}
2025-12-14 22:59:15 | DEBUG    | 1-wire.py | getBusMessages | {"line":"dq","t":32651,"v":0}
2025-12-14 22:59:15 | DEBUG    | 1-wire.py | getBusMessages | {"line":"dq","t":32657,"v":1}
2025-12-14 22:59:15 | DEBUG    | 1-wire.py | getBusMessages | {"line":"dq","t":32721,"v":0}
2025-12-14 22:59:15 | DEBUG    | 1-wire.py | getBusMessages | {"line":"dq","t":32727,"v":1}
2025-12-14 22:59:15 | DEBUG    | 1-wire.py | getBusMessages | {"line":"dq","t":32791,"v":0}
2025-12-14 22:59:15 | DEBUG    | 1-wire.py | getBusMessages | {"line":"dq","t":32851,"v":1}
2025-12-14 22:59:15 | DEBUG    | 1-wire.py | getBusMessages | {"line":"dq","t":32871,"v":1,"marker":"stop"}
2025-12-14 22:59:15 | INFO     | 1-wire.py | getBusMessages | Websocket connection closed after 919 messages
2025-12-14 22:59:15 | INFO     | 1-wire.py | getBits | Extracting bits
2025-12-14 22:59:15 | DEBUG    | 1-wire.py | getBits | Discarded message 0: {'type': 'welcome', 'wire': 'dq', 'message': 'Connected to dq wire. Broadcasting continuously every 2000ms...'}
2025-12-14 22:59:15 | DEBUG    | 1-wire.py | getBits | Discarded message 1: {'line': 'dq', 't': 0, 'v': 1, 'marker': 'idle'}
2025-12-14 22:59:15 | DEBUG    | 1-wire.py | getBits | Discarded message 2: {'line': 'dq', 't': 1, 'v': 0, 'marker': 'reset'}
2025-12-14 22:59:15 | DEBUG    | 1-wire.py | getBits | Discarded message 4: {'line': 'dq', 't': 551, 'v': 0, 'marker': 'presence'}
2025-12-14 22:59:15 | DEBUG    | 1-wire.py | getBits | Discarded message 918: {'line': 'dq', 't': 32871, 'v': 1, 'marker': 'stop'}
2025-12-14 22:59:15 | INFO     | 1-wire.py | getBits | Extracted 456 bits
2025-12-14 22:59:15 | INFO     | 1-wire.py | getBytes | Converting bits to bytes (LSB)
2025-12-14 22:59:15 | INFO     | 1-wire.py | getBytes | Converted 456 bits to 57 bytes
2025-12-14 22:59:15 | INFO     | 1-wire.py | bytesToString | Converting bytes to ASCII
read and decrypt the SPI bus data using the XOR key: icy
